2026-04-09 13:58:10,385 [INFO] 対象日付: 2日分 (20260409 ～ 20260410)
2026-04-09 13:58:10,386 [INFO] DB テーブル初期化完了
2026-04-09 13:58:10,386 [INFO] 処理中: 20260409
2026-04-09 13:58:12,825 [INFO]   20260409 [個別]: レース=120 出走=720 直前=174 結果=720 払戻=290
2026-04-09 13:58:12,826 [INFO] 処理中: 20260410
2026-04-09 13:58:13,507 [INFO]   [programs] データなし (404): 20260410
2026-04-09 13:58:14,192 [INFO]   [previews] データなし (404): 20260410
2026-04-09 13:58:14,866 [INFO]   [results] データなし (404): 20260410
2026-04-09 13:58:14,867 [WARNING]   20260410: どのAPIからもデータ取得できず → スキップ
2026-04-09 13:58:14,867 [INFO] 完了: 1/2日分 保存
2026-04-09 13:58:14,868 [INFO] === DB件数 ===
2026-04-09 13:58:14,874 [INFO]   レース情報: 165,012 件
2026-04-09 13:58:14,893 [INFO]   出走表: 990,072 件
2026-04-09 13:58:14,894 [INFO]   直前情報: 15,244 件
2026-04-09 13:58:14,894 [INFO]   レース結果: 15,984 件
2026-04-09 13:58:14,895 [INFO]   払い戻し: 25,454 件
2026-04-09 17:35:04,696 [INFO] 対象日付: 99日分 (20260101 ～ 20260409)
2026-04-09 17:35:04,713 [INFO] DB テーブル初期化完了
2026-04-09 17:35:04,713 [INFO] 処理中: 20260101
2026-04-09 17:35:05,739 [INFO]   [hub] データなし (404): 20260101
2026-04-09 17:35:05,740 [INFO]   20260101: Hub API なし → 個別 API にフォールバック
2026-04-09 17:35:07,205 [INFO]   [previews] データなし (404): 20260101
2026-04-09 17:35:07,888 [INFO]   [results] データなし (404): 20260101
2026-04-09 17:35:07,888 [INFO]   20260101 [個別]: レース=156 出走=936 直前=0 結果=0 払戻=0
2026-04-09 17:35:07,889 [INFO] 処理中: 20260102
2026-04-09 17:35:08,590 [INFO]   [hub] データなし (404): 20260102
2026-04-09 17:35:08,590 [INFO]   20260102: Hub API なし → 個別 API にフォールバック
2026-04-09 17:35:09,989 [INFO]   [previews] データなし (404): 20260102
2026-04-09 17:35:10,673 [INFO]   [results] データなし (404): 20260102
2026-04-09 17:35:10,674 [INFO]   20260102 [個別]: レース=192 出走=1152 直前=0 結果=0 払戻=0
2026-04-09 17:35:10,674 [INFO] 処理中: 20260103
2026-04-09 17:35:11,377 [INFO]   [hub] データなし (404): 20260103
2026-04-09 17:35:11,378 [INFO]   20260103: Hub API なし → 個別 API にフォールバック
2026-04-09 17:35:12,785 [INFO]   [previews] データなし (404): 20260103
2026-04-09 17:35:13,464 [INFO]   [results] データなし (404): 20260103
2026-04-09 17:35:13,464 [INFO]   20260103 [個別]: レース=228 出走=1368 直前=0 結果=0 払戻=0
2026-04-09 17:35:13,465 [INFO] 処理中: 20260104
2026-04-09 17:35:14,153 [INFO]   [hub] データなし (404): 20260104
2026-04-09 17:35:14,153 [INFO]   20260104: Hub API なし → 個別 API にフォールバック
2026-04-09 17:35:15,562 [INFO]   [previews] データなし (404): 20260104
2026-04-09 17:35:16,238 [INFO]   [results] データなし (404): 20260104
2026-04-09 17:35:16,239 [INFO]   20260104 [個別]: レース=240 出走=1440 直前=0 結果=0 払戻=0
2026-04-09 17:35:16,240 [INFO] 処理中: 20260105
2026-04-09 17:35:16,925 [INFO]   [hub] データなし (404): 20260105
2026-04-09 17:35:16,925 [INFO]   20260105: Hub API なし → 個別 API にフォールバック
2026-04-09 17:35:18,335 [INFO]   [previews] データなし (404): 20260105
2026-04-09 17:35:19,007 [INFO]   [results] データなし (404): 20260105
2026-04-09 17:35:19,008 [INFO]   20260105 [個別]: レース=192 出走=1152 直前=0 結果=0 払戻=0
2026-04-09 17:35:19,009 [INFO] 処理中: 20260106
2026-04-09 17:35:19,683 [INFO]   [hub] データなし (404): 20260106
2026-04-09 17:35:19,683 [INFO]   20260106: Hub API なし → 個別 API にフォールバック
2026-04-09 17:35:21,113 [INFO]   [previews] データなし (404): 20260106
2026-04-09 17:35:21,789 [INFO]   [results] データなし (404): 20260106
2026-04-09 17:35:21,789 [INFO]   20260106 [個別]: レース=192 出走=1152 直前=0 結果=0 払戻=0
2026-04-09 17:35:21,789 [INFO] 処理中: 20260107
2026-04-09 17:35:22,467 [INFO]   [hub] データなし (404): 20260107
2026-04-09 17:35:22,467 [INFO]   20260107: Hub API なし → 個別 API にフォールバック
2026-04-09 17:35:23,855 [INFO]   [previews] データなし (404): 20260107
2026-04-09 17:35:24,531 [INFO]   [results] データなし (404): 20260107
2026-04-09 17:35:24,531 [INFO]   20260107 [個別]: レース=192 出走=1152 直前=0 結果=0 払戻=0
2026-04-09 17:35:24,532 [INFO] 処理中: 20260108
2026-04-09 17:35:25,205 [INFO]   [hub] データなし (404): 20260108
2026-04-09 17:35:25,206 [INFO]   20260108: Hub API なし → 個別 API にフォールバック
2026-04-09 17:35:26,589 [INFO]   [previews] データなし (404): 20260108
2026-04-09 17:35:27,277 [INFO]   [results] データなし (404): 20260108
2026-04-09 17:35:27,277 [INFO]   20260108 [個別]: レース=168 出走=1008 直前=0 結果=0 払戻=0
2026-04-09 17:35:27,278 [INFO] 処理中: 20260109
2026-04-09 17:35:27,960 [INFO]   [hub] データなし (404): 20260109
2026-04-09 17:35:27,960 [INFO]   20260109: Hub API なし → 個別 API にフォールバック
2026-04-09 17:35:29,332 [INFO]   [previews] データなし (404): 20260109
2026-04-09 17:35:30,006 [INFO]   [results] データなし (404): 20260109
2026-04-09 17:35:30,006 [INFO]   20260109 [個別]: レース=144 出走=864 直前=0 結果=0 払戻=0
2026-04-09 17:35:30,007 [INFO] 処理中: 20260110
2026-04-09 17:35:30,681 [INFO]   [hub] データなし (404): 20260110
2026-04-09 17:35:30,682 [INFO]   20260110: Hub API なし → 個別 API にフォールバック
2026-04-09 17:35:32,079 [INFO]   [previews] データなし (404): 20260110
2026-04-09 17:35:32,751 [INFO]   [results] データなし (404): 20260110
2026-04-09 17:35:32,751 [INFO]   20260110 [個別]: レース=144 出走=864 直前=0 結果=0 払戻=0
2026-04-09 17:35:32,751 [INFO] 処理中: 20260111
2026-04-09 17:35:33,424 [INFO]   [hub] データなし (404): 20260111
2026-04-09 17:35:33,424 [INFO]   20260111: Hub API なし → 個別 API にフォールバック
2026-04-09 17:35:34,823 [INFO]   [previews] データなし (404): 20260111
2026-04-09 17:35:35,496 [INFO]   [results] データなし (404): 20260111
2026-04-09 17:35:35,496 [INFO]   20260111 [個別]: レース=180 出走=1080 直前=0 結果=0 払戻=0
2026-04-09 17:35:35,496 [INFO] 処理中: 20260112
2026-04-09 17:35:36,178 [INFO]   [hub] データなし (404): 20260112
2026-04-09 17:35:36,178 [INFO]   20260112: Hub API なし → 個別 API にフォールバック
2026-04-09 17:35:37,576 [INFO]   [previews] データなし (404): 20260112
2026-04-09 17:35:38,250 [INFO]   [results] データなし (404): 20260112
2026-04-09 17:35:38,250 [INFO]   20260112 [個別]: レース=180 出走=1080 直前=0 結果=0 払戻=0
2026-04-09 17:35:38,251 [INFO] 処理中: 20260113
2026-04-09 17:35:38,933 [INFO]   [hub] データなし (404): 20260113
2026-04-09 17:35:38,933 [INFO]   20260113: Hub API なし → 個別 API にフォールバック
2026-04-09 17:35:40,327 [INFO]   [previews] データなし (404): 20260113
2026-04-09 17:35:41,027 [INFO]   [results] データなし (404): 20260113
2026-04-09 17:35:41,027 [INFO]   20260113 [個別]: レース=168 出走=1008 直前=0 結果=0 払戻=0
2026-04-09 17:35:41,027 [INFO] 処理中: 20260114
2026-04-09 17:35:41,701 [INFO]   [hub] データなし (404): 20260114
2026-04-09 17:35:41,701 [INFO]   20260114: Hub API なし → 個別 API にフォールバック
2026-04-09 17:35:43,109 [INFO]   [previews] データなし (404): 20260114
2026-04-09 17:35:43,781 [INFO]   [results] データなし (404): 20260114
2026-04-09 17:35:43,781 [INFO]   20260114 [個別]: レース=180 出走=1080 直前=0 結果=0 払戻=0
2026-04-09 17:35:43,781 [INFO] 処理中: 20260115
2026-04-09 17:35:44,461 [INFO]   [hub] データなし (404): 20260115
2026-04-09 17:35:44,461 [INFO]   20260115: Hub API なし → 個別 API にフォールバック
2026-04-09 17:35:45,869 [INFO]   [previews] データなし (404): 20260115
2026-04-09 17:35:46,543 [INFO]   [results] データなし (404): 20260115
2026-04-09 17:35:46,543 [INFO]   20260115 [個別]: レース=168 出走=1008 直前=0 結果=0 払戻=0
2026-04-09 17:35:46,543 [INFO] 処理中: 20260116
2026-04-09 17:35:47,217 [INFO]   [hub] データなし (404): 20260116
2026-04-09 17:35:47,218 [INFO]   20260116: Hub API なし → 個別 API にフォールバック
2026-04-09 17:35:48,605 [INFO]   [previews] データなし (404): 20260116
2026-04-09 17:35:49,292 [INFO]   [results] データなし (404): 20260116
2026-04-09 17:35:49,292 [INFO]   20260116 [個別]: レース=156 出走=936 直前=0 結果=0 払戻=0
2026-04-09 17:35:49,293 [INFO] 処理中: 20260117
2026-04-09 17:35:49,966 [INFO]   [hub] データなし (404): 20260117
2026-04-09 17:35:49,967 [INFO]   20260117: Hub API なし → 個別 API にフォールバック
2026-04-09 17:35:51,360 [INFO]   [previews] データなし (404): 20260117
2026-04-09 17:35:52,034 [INFO]   [results] データなし (404): 20260117
2026-04-09 17:35:52,034 [INFO]   20260117 [個別]: レース=192 出走=1152 直前=0 結果=0 払戻=0
2026-04-09 17:35:52,035 [INFO] 処理中: 20260118
2026-04-09 17:35:52,710 [INFO]   [hub] データなし (404): 20260118
2026-04-09 17:35:52,710 [INFO]   20260118: Hub API なし → 個別 API にフォールバック
2026-04-09 17:35:54,120 [INFO]   [previews] データなし (404): 20260118
2026-04-09 17:35:54,801 [INFO]   [results] データなし (404): 20260118
2026-04-09 17:35:54,801 [INFO]   20260118 [個別]: レース=192 出走=1152 直前=0 結果=0 払戻=0
2026-04-09 17:35:54,803 [INFO] 処理中: 20260119
2026-04-09 17:35:55,476 [INFO]   [hub] データなし (404): 20260119
2026-04-09 17:35:55,476 [INFO]   20260119: Hub API なし → 個別 API にフォールバック
2026-04-09 17:35:56,884 [INFO]   [previews] データなし (404): 20260119
2026-04-09 17:35:57,561 [INFO]   [results] データなし (404): 20260119
2026-04-09 17:35:57,562 [INFO]   20260119 [個別]: レース=180 出走=1080 直前=0 結果=0 払戻=0
2026-04-09 17:35:57,563 [INFO] 処理中: 20260120
2026-04-09 17:35:58,249 [INFO]   [hub] データなし (404): 20260120
2026-04-09 17:35:58,249 [INFO]   20260120: Hub API なし → 個別 API にフォールバック
2026-04-09 17:35:59,632 [INFO]   [previews] データなし (404): 20260120
2026-04-09 17:36:00,318 [INFO]   [results] データなし (404): 20260120
2026-04-09 17:36:00,318 [INFO]   20260120 [個別]: レース=156 出走=936 直前=0 結果=0 払戻=0
2026-04-09 17:36:00,319 [INFO] 処理中: 20260121
2026-04-09 17:36:01,001 [INFO]   [hub] データなし (404): 20260121
2026-04-09 17:36:01,002 [INFO]   20260121: Hub API なし → 個別 API にフォールバック
2026-04-09 17:36:02,408 [INFO]   [previews] データなし (404): 20260121
2026-04-09 17:36:03,082 [INFO]   [results] データなし (404): 20260121
2026-04-09 17:36:03,082 [INFO]   20260121 [個別]: レース=156 出走=936 直前=0 結果=0 払戻=0
2026-04-09 17:36:03,084 [INFO] 処理中: 20260122
2026-04-09 17:36:03,768 [INFO]   [hub] データなし (404): 20260122
2026-04-09 17:36:03,768 [INFO]   20260122: Hub API なし → 個別 API にフォールバック
2026-04-09 17:36:05,174 [INFO]   [previews] データなし (404): 20260122
2026-04-09 17:36:05,854 [INFO]   [results] データなし (404): 20260122
2026-04-09 17:36:05,854 [INFO]   20260122 [個別]: レース=156 出走=936 直前=0 結果=0 払戻=0
2026-04-09 17:36:05,854 [INFO] 処理中: 20260123
2026-04-09 17:36:06,540 [INFO]   [hub] データなし (404): 20260123
2026-04-09 17:36:06,540 [INFO]   20260123: Hub API なし → 個別 API にフォールバック
2026-04-09 17:36:07,947 [INFO]   [previews] データなし (404): 20260123
2026-04-09 17:36:08,616 [INFO]   [results] データなし (404): 20260123
2026-04-09 17:36:08,616 [INFO]   20260123 [個別]: レース=156 出走=936 直前=0 結果=0 払戻=0
2026-04-09 17:36:08,617 [INFO] 処理中: 20260124
2026-04-09 17:36:09,291 [INFO]   [hub] データなし (404): 20260124
2026-04-09 17:36:09,291 [INFO]   20260124: Hub API なし → 個別 API にフォールバック
2026-04-09 17:36:10,687 [INFO]   [previews] データなし (404): 20260124
2026-04-09 17:36:11,361 [INFO]   [results] データなし (404): 20260124
2026-04-09 17:36:11,361 [INFO]   20260124 [個別]: レース=156 出走=936 直前=0 結果=0 払戻=0
2026-04-09 17:36:11,362 [INFO] 処理中: 20260125
2026-04-09 17:36:12,044 [INFO]   [hub] データなし (404): 20260125
2026-04-09 17:36:12,044 [INFO]   20260125: Hub API なし → 個別 API にフォールバック
2026-04-09 17:36:13,453 [INFO]   [previews] データなし (404): 20260125
2026-04-09 17:36:14,126 [INFO]   [results] データなし (404): 20260125
2026-04-09 17:36:14,126 [INFO]   20260125 [個別]: レース=192 出走=1152 直前=0 結果=0 払戻=0
2026-04-09 17:36:14,127 [INFO] 処理中: 20260126
2026-04-09 17:36:14,810 [INFO]   [hub] データなし (404): 20260126
2026-04-09 17:36:14,811 [INFO]   20260126: Hub API なし → 個別 API にフォールバック
2026-04-09 17:36:16,209 [INFO]   [previews] データなし (404): 20260126
2026-04-09 17:36:16,892 [INFO]   [results] データなし (404): 20260126
2026-04-09 17:36:16,892 [INFO]   20260126 [個別]: レース=180 出走=1080 直前=0 結果=0 払戻=0
2026-04-09 17:36:16,893 [INFO] 処理中: 20260127
2026-04-09 17:36:17,574 [INFO]   [hub] データなし (404): 20260127
2026-04-09 17:36:17,574 [INFO]   20260127: Hub API なし → 個別 API にフォールバック
2026-04-09 17:36:18,976 [INFO]   [previews] データなし (404): 20260127
2026-04-09 17:36:19,666 [INFO]   [results] データなし (404): 20260127
2026-04-09 17:36:19,666 [INFO]   20260127 [個別]: レース=144 出走=864 直前=0 結果=0 払戻=0
2026-04-09 17:36:19,668 [INFO] 処理中: 20260128
2026-04-09 17:36:20,339 [INFO]   [hub] データなし (404): 20260128
2026-04-09 17:36:20,339 [INFO]   20260128: Hub API なし → 個別 API にフォールバック
2026-04-09 17:36:21,719 [INFO]   [previews] データなし (404): 20260128
2026-04-09 17:36:22,396 [INFO]   [results] データなし (404): 20260128
2026-04-09 17:36:22,396 [INFO]   20260128 [個別]: レース=132 出走=792 直前=0 結果=0 払戻=0
2026-04-09 17:36:22,397 [INFO] 処理中: 20260129
2026-04-09 17:36:23,069 [INFO]   [hub] データなし (404): 20260129
2026-04-09 17:36:23,069 [INFO]   20260129: Hub API なし → 個別 API にフォールバック
2026-04-09 17:36:24,450 [INFO]   [previews] データなし (404): 20260129
2026-04-09 17:36:25,125 [INFO]   [results] データなし (404): 20260129
2026-04-09 17:36:25,125 [INFO]   20260129 [個別]: レース=144 出走=864 直前=0 結果=0 払戻=0
2026-04-09 17:36:25,126 [INFO] 処理中: 20260130
2026-04-09 17:36:25,808 [INFO]   [hub] データなし (404): 20260130
2026-04-09 17:36:25,808 [INFO]   20260130: Hub API なし → 個別 API にフォールバック
2026-04-09 17:36:27,197 [INFO]   [previews] データなし (404): 20260130
2026-04-09 17:36:27,884 [INFO]   [results] データなし (404): 20260130
2026-04-09 17:36:27,884 [INFO]   20260130 [個別]: レース=156 出走=936 直前=0 結果=0 払戻=0
2026-04-09 17:36:27,885 [INFO] 処理中: 20260131
2026-04-09 17:36:28,564 [INFO]   [hub] データなし (404): 20260131
2026-04-09 17:36:28,564 [INFO]   20260131: Hub API なし → 個別 API にフォールバック
2026-04-09 17:36:29,981 [INFO]   [previews] データなし (404): 20260131
2026-04-09 17:36:30,671 [INFO]   [results] データなし (404): 20260131
2026-04-09 17:36:30,671 [INFO]   20260131 [個別]: レース=168 出走=1008 直前=0 結果=0 払戻=0
2026-04-09 17:36:30,672 [INFO] 処理中: 20260201
2026-04-09 17:36:31,352 [INFO]   [hub] データなし (404): 20260201
2026-04-09 17:36:31,352 [INFO]   20260201: Hub API なし → 個別 API にフォールバック
2026-04-09 17:36:32,742 [INFO]   [previews] データなし (404): 20260201
2026-04-09 17:36:33,416 [INFO]   [results] データなし (404): 20260201
2026-04-09 17:36:33,416 [INFO]   20260201 [個別]: レース=168 出走=1008 直前=0 結果=0 払戻=0
2026-04-09 17:36:33,417 [INFO] 処理中: 20260202
2026-04-09 17:36:34,092 [INFO]   [hub] データなし (404): 20260202
2026-04-09 17:36:34,092 [INFO]   20260202: Hub API なし → 個別 API にフォールバック
2026-04-09 17:36:35,473 [INFO]   [previews] データなし (404): 20260202
2026-04-09 17:36:36,152 [INFO]   [results] データなし (404): 20260202
2026-04-09 17:36:36,152 [INFO]   20260202 [個別]: レース=132 出走=792 直前=0 結果=0 払戻=0
2026-04-09 17:36:36,153 [INFO] 処理中: 20260203
2026-04-09 17:36:36,839 [INFO]   [hub] データなし (404): 20260203
2026-04-09 17:36:36,839 [INFO]   20260203: Hub API なし → 個別 API にフォールバック
2026-04-09 17:36:38,226 [INFO]   [previews] データなし (404): 20260203
2026-04-09 17:36:38,910 [INFO]   [results] データなし (404): 20260203
2026-04-09 17:36:38,910 [INFO]   20260203 [個別]: レース=132 出走=792 直前=0 結果=0 払戻=0
2026-04-09 17:36:38,911 [INFO] 処理中: 20260204
2026-04-09 17:36:39,594 [INFO]   [hub] データなし (404): 20260204
2026-04-09 17:36:39,594 [INFO]   20260204: Hub API なし → 個別 API にフォールバック
2026-04-09 17:36:40,990 [INFO]   [previews] データなし (404): 20260204
2026-04-09 17:36:41,668 [INFO]   [results] データなし (404): 20260204
2026-04-09 17:36:41,668 [INFO]   20260204 [個別]: レース=132 出走=792 直前=0 結果=0 払戻=0
2026-04-09 17:36:41,669 [INFO] 処理中: 20260205
2026-04-09 17:36:42,347 [INFO]   [hub] データなし (404): 20260205
2026-04-09 17:36:42,347 [INFO]   20260205: Hub API なし → 個別 API にフォールバック
2026-04-09 17:36:43,732 [INFO]   [previews] データなし (404): 20260205
2026-04-09 17:36:44,407 [INFO]   [results] データなし (404): 20260205
2026-04-09 17:36:44,407 [INFO]   20260205 [個別]: レース=120 出走=720 直前=0 結果=0 払戻=0
2026-04-09 17:36:44,407 [INFO] 処理中: 20260206
2026-04-09 17:36:45,077 [INFO]   [hub] データなし (404): 20260206
2026-04-09 17:36:45,077 [INFO]   20260206: Hub API なし → 個別 API にフォールバック
2026-04-09 17:36:46,474 [INFO]   [previews] データなし (404): 20260206
2026-04-09 17:36:47,147 [INFO]   [results] データなし (404): 20260206
2026-04-09 17:36:47,147 [INFO]   20260206 [個別]: レース=144 出走=864 直前=0 結果=0 払戻=0
2026-04-09 17:36:47,148 [INFO] 処理中: 20260207
2026-04-09 17:36:47,828 [INFO]   [hub] データなし (404): 20260207
2026-04-09 17:36:47,828 [INFO]   20260207: Hub API なし → 個別 API にフォールバック
2026-04-09 17:36:49,238 [INFO]   [previews] データなし (404): 20260207
2026-04-09 17:36:49,914 [INFO]   [results] データなし (404): 20260207
2026-04-09 17:36:49,914 [INFO]   20260207 [個別]: レース=144 出走=864 直前=0 結果=0 払戻=0
2026-04-09 17:36:49,915 [INFO] 処理中: 20260208
2026-04-09 17:36:50,598 [INFO]   [hub] データなし (404): 20260208
2026-04-09 17:36:50,598 [INFO]   20260208: Hub API なし → 個別 API にフォールバック
2026-04-09 17:36:51,992 [INFO]   [previews] データなし (404): 20260208
2026-04-09 17:36:52,666 [INFO]   [results] データなし (404): 20260208
2026-04-09 17:36:52,666 [INFO]   20260208 [個別]: レース=156 出走=936 直前=0 結果=0 払戻=0
2026-04-09 17:36:52,667 [INFO] 処理中: 20260209
2026-04-09 17:36:53,338 [INFO]   [hub] データなし (404): 20260209
2026-04-09 17:36:53,338 [INFO]   20260209: Hub API なし → 個別 API にフォールバック
2026-04-09 17:36:54,715 [INFO]   [previews] データなし (404): 20260209
2026-04-09 17:36:55,401 [INFO]   [results] データなし (404): 20260209
2026-04-09 17:36:55,401 [INFO]   20260209 [個別]: レース=144 出走=864 直前=0 結果=0 払戻=0
2026-04-09 17:36:55,401 [INFO] 処理中: 20260210
2026-04-09 17:36:56,083 [INFO]   [hub] データなし (404): 20260210
2026-04-09 17:36:56,083 [INFO]   20260210: Hub API なし → 個別 API にフォールバック
2026-04-09 17:36:57,476 [INFO]   [previews] データなし (404): 20260210
2026-04-09 17:36:58,150 [INFO]   [results] データなし (404): 20260210
2026-04-09 17:36:58,150 [INFO]   20260210 [個別]: レース=168 出走=1008 直前=0 結果=0 払戻=0
2026-04-09 17:36:58,151 [INFO] 処理中: 20260211
2026-04-09 17:36:58,832 [INFO]   [hub] データなし (404): 20260211
2026-04-09 17:36:58,833 [INFO]   20260211: Hub API なし → 個別 API にフォールバック
2026-04-09 17:37:00,241 [INFO]   [previews] データなし (404): 20260211
2026-04-09 17:37:00,917 [INFO]   [results] データなし (404): 20260211
2026-04-09 17:37:00,917 [INFO]   20260211 [個別]: レース=168 出走=1008 直前=0 結果=0 払戻=0
2026-04-09 17:37:00,918 [INFO] 処理中: 20260212
2026-04-09 17:37:01,600 [INFO]   [hub] データなし (404): 20260212
2026-04-09 17:37:01,600 [INFO]   20260212: Hub API なし → 個別 API にフォールバック
2026-04-09 17:37:02,990 [INFO]   [previews] データなし (404): 20260212
2026-04-09 17:37:03,661 [INFO]   [results] データなし (404): 20260212
2026-04-09 17:37:03,662 [INFO]   20260212 [個別]: レース=132 出走=792 直前=0 結果=0 払戻=0
2026-04-09 17:37:03,662 [INFO] 処理中: 20260213
2026-04-09 17:37:04,337 [INFO]   [hub] データなし (404): 20260213
2026-04-09 17:37:04,337 [INFO]   20260213: Hub API なし → 個別 API にフォールバック
2026-04-09 17:37:05,739 [INFO]   [previews] データなし (404): 20260213
2026-04-09 17:37:06,411 [INFO]   [results] データなし (404): 20260213
2026-04-09 17:37:06,411 [INFO]   20260213 [個別]: レース=132 出走=792 直前=0 結果=0 払戻=0
2026-04-09 17:37:06,412 [INFO] 処理中: 20260214
2026-04-09 17:37:07,087 [INFO]   [hub] データなし (404): 20260214
2026-04-09 17:37:07,087 [INFO]   20260214: Hub API なし → 個別 API にフォールバック
2026-04-09 17:37:08,488 [INFO]   [previews] データなし (404): 20260214
2026-04-09 17:37:09,165 [INFO]   [results] データなし (404): 20260214
2026-04-09 17:37:09,166 [INFO]   20260214 [個別]: レース=156 出走=936 直前=0 結果=0 払戻=0
2026-04-09 17:37:09,166 [INFO] 処理中: 20260215
2026-04-09 17:37:09,853 [INFO]   [hub] データなし (404): 20260215
2026-04-09 17:37:09,853 [INFO]   20260215: Hub API なし → 個別 API にフォールバック
2026-04-09 17:37:11,244 [INFO]   [previews] データなし (404): 20260215
2026-04-09 17:37:11,916 [INFO]   [results] データなし (404): 20260215
2026-04-09 17:37:11,916 [INFO]   20260215 [個別]: レース=156 出走=936 直前=0 結果=0 払戻=0
2026-04-09 17:37:11,917 [INFO] 処理中: 20260216
2026-04-09 17:37:12,592 [INFO]   [hub] データなし (404): 20260216
2026-04-09 17:37:12,592 [INFO]   20260216: Hub API なし → 個別 API にフォールバック
2026-04-09 17:37:14,002 [INFO]   [previews] データなし (404): 20260216
2026-04-09 17:37:14,688 [INFO]   [results] データなし (404): 20260216
2026-04-09 17:37:14,688 [INFO]   20260216 [個別]: レース=132 出走=792 直前=0 結果=0 払戻=0
2026-04-09 17:37:14,689 [INFO] 処理中: 20260217
2026-04-09 17:37:15,361 [ERROR]   [hub] 取得エラー: https://boatraceopenapi.github.io/hub/v3/2026/20260217.json → 503 Server Error: Service Unavailable for url: https://boatraceopenapi.github.io/hub/v3/2026/20260217.json
2026-04-09 17:37:15,361 [INFO]   20260217: Hub API なし → 個別 API にフォールバック
2026-04-09 17:37:16,749 [INFO]   [previews] データなし (404): 20260217
2026-04-09 17:37:17,434 [INFO]   [results] データなし (404): 20260217
2026-04-09 17:37:17,435 [INFO]   20260217 [個別]: レース=132 出走=792 直前=0 結果=0 払戻=0
2026-04-09 17:37:17,436 [INFO] 処理中: 20260218
2026-04-09 17:37:18,120 [INFO]   [hub] データなし (404): 20260218
2026-04-09 17:37:18,120 [INFO]   20260218: Hub API なし → 個別 API にフォールバック
2026-04-09 17:37:19,510 [INFO]   [previews] データなし (404): 20260218
2026-04-09 17:37:20,190 [INFO]   [results] データなし (404): 20260218
2026-04-09 17:37:20,190 [INFO]   20260218 [個別]: レース=132 出走=792 直前=0 結果=0 払戻=0
2026-04-09 17:37:20,191 [INFO] 処理中: 20260219
2026-04-09 17:37:20,867 [INFO]   [hub] データなし (404): 20260219
2026-04-09 17:37:20,867 [INFO]   20260219: Hub API なし → 個別 API にフォールバック
2026-04-09 17:37:22,265 [INFO]   [previews] データなし (404): 20260219
2026-04-09 17:37:22,955 [INFO]   [results] データなし (404): 20260219
2026-04-09 17:37:22,955 [INFO]   20260219 [個別]: レース=132 出走=792 直前=0 結果=0 払戻=0
2026-04-09 17:37:22,956 [INFO] 処理中: 20260220
2026-04-09 17:37:23,627 [INFO]   [hub] データなし (404): 20260220
2026-04-09 17:37:23,628 [INFO]   20260220: Hub API なし → 個別 API にフォールバック
2026-04-09 17:37:25,008 [INFO]   [previews] データなし (404): 20260220
2026-04-09 17:37:25,691 [INFO]   [results] データなし (404): 20260220
2026-04-09 17:37:25,691 [INFO]   20260220 [個別]: レース=132 出走=792 直前=0 結果=0 払戻=0
2026-04-09 17:37:25,692 [INFO] 処理中: 20260221
2026-04-09 17:37:26,370 [INFO]   [hub] データなし (404): 20260221
2026-04-09 17:37:26,370 [INFO]   20260221: Hub API なし → 個別 API にフォールバック
2026-04-09 17:37:27,756 [INFO]   [previews] データなし (404): 20260221
2026-04-09 17:37:28,437 [INFO]   [results] データなし (404): 20260221
2026-04-09 17:37:28,437 [INFO]   20260221 [個別]: レース=156 出走=936 直前=0 結果=0 払戻=0
2026-04-09 17:37:28,438 [INFO] 処理中: 20260222
2026-04-09 17:37:29,110 [INFO]   [hub] データなし (404): 20260222
2026-04-09 17:37:29,110 [INFO]   20260222: Hub API なし → 個別 API にフォールバック
2026-04-09 17:37:30,502 [INFO]   [previews] データなし (404): 20260222
2026-04-09 17:37:31,175 [INFO]   [results] データなし (404): 20260222
2026-04-09 17:37:31,175 [INFO]   20260222 [個別]: レース=180 出走=1080 直前=0 結果=0 払戻=0
2026-04-09 17:37:31,176 [INFO] 処理中: 20260223
2026-04-09 17:37:31,859 [INFO]   [hub] データなし (404): 20260223
2026-04-09 17:37:31,859 [INFO]   20260223: Hub API なし → 個別 API にフォールバック
2026-04-09 17:37:33,245 [INFO]   [previews] データなし (404): 20260223
2026-04-09 17:37:33,924 [INFO]   [results] データなし (404): 20260223
2026-04-09 17:37:33,924 [INFO]   20260223 [個別]: レース=180 出走=1080 直前=0 結果=0 払戻=0
2026-04-09 17:37:33,925 [INFO] 処理中: 20260224
2026-04-09 17:37:34,610 [INFO]   [hub] データなし (404): 20260224
2026-04-09 17:37:34,610 [INFO]   20260224: Hub API なし → 個別 API にフォールバック
2026-04-09 17:37:36,004 [INFO]   [previews] データなし (404): 20260224
2026-04-09 17:37:36,680 [INFO]   [results] データなし (404): 20260224
2026-04-09 17:37:36,680 [INFO]   20260224 [個別]: レース=168 出走=1008 直前=0 結果=0 払戻=0
2026-04-09 17:37:36,681 [INFO] 処理中: 20260225
2026-04-09 17:37:37,356 [INFO]   [hub] データなし (404): 20260225
2026-04-09 17:37:37,357 [INFO]   20260225: Hub API なし → 個別 API にフォールバック
2026-04-09 17:37:38,760 [INFO]   [previews] データなし (404): 20260225
2026-04-09 17:37:39,439 [INFO]   [results] データなし (404): 20260225
2026-04-09 17:37:39,439 [INFO]   20260225 [個別]: レース=180 出走=1080 直前=0 結果=0 払戻=0
2026-04-09 17:37:39,440 [INFO] 処理中: 20260226
2026-04-09 17:37:40,113 [INFO]   [hub] データなし (404): 20260226
2026-04-09 17:37:40,113 [INFO]   20260226: Hub API なし → 個別 API にフォールバック
2026-04-09 17:37:41,510 [INFO]   [previews] データなし (404): 20260226
2026-04-09 17:37:42,194 [INFO]   [results] データなし (404): 20260226
2026-04-09 17:37:42,195 [INFO]   20260226 [個別]: レース=180 出走=1080 直前=0 結果=0 払戻=0
2026-04-09 17:37:42,195 [INFO] 処理中: 20260227
2026-04-09 17:37:42,872 [INFO]   [hub] データなし (404): 20260227
2026-04-09 17:37:42,872 [INFO]   20260227: Hub API なし → 個別 API にフォールバック
2026-04-09 17:37:44,259 [INFO]   [previews] データなし (404): 20260227
2026-04-09 17:37:44,948 [INFO]   [results] データなし (404): 20260227
2026-04-09 17:37:44,948 [INFO]   20260227 [個別]: レース=156 出走=936 直前=0 結果=0 払戻=0
2026-04-09 17:37:44,949 [INFO] 処理中: 20260228
2026-04-09 17:37:45,629 [INFO]   [hub] データなし (404): 20260228
2026-04-09 17:37:45,630 [INFO]   20260228: Hub API なし → 個別 API にフォールバック
2026-04-09 17:37:47,057 [INFO]   [previews] データなし (404): 20260228
2026-04-09 17:37:47,733 [INFO]   [results] データなし (404): 20260228
2026-04-09 17:37:47,733 [INFO]   20260228 [個別]: レース=156 出走=936 直前=0 結果=0 払戻=0
2026-04-09 17:37:47,734 [INFO] 処理中: 20260301
2026-04-09 17:37:48,434 [INFO]   [hub] データなし (404): 20260301
2026-04-09 17:37:48,434 [INFO]   20260301: Hub API なし → 個別 API にフォールバック
2026-04-09 17:37:49,820 [INFO]   [previews] データなし (404): 20260301
2026-04-09 17:37:50,495 [INFO]   [results] データなし (404): 20260301
2026-04-09 17:37:50,495 [INFO]   20260301 [個別]: レース=156 出走=936 直前=0 結果=0 払戻=0
2026-04-09 17:37:50,496 [INFO] 処理中: 20260302
2026-04-09 17:37:51,171 [INFO]   [hub] データなし (404): 20260302
2026-04-09 17:37:51,171 [INFO]   20260302: Hub API なし → 個別 API にフォールバック
2026-04-09 17:37:52,566 [INFO]   [previews] データなし (404): 20260302
2026-04-09 17:37:53,250 [INFO]   [results] データなし (404): 20260302
2026-04-09 17:37:53,250 [INFO]   20260302 [個別]: レース=168 出走=1008 直前=0 結果=0 払戻=0
2026-04-09 17:37:53,251 [INFO] 処理中: 20260303
2026-04-09 17:37:53,929 [INFO]   [hub] データなし (404): 20260303
2026-04-09 17:37:53,929 [INFO]   20260303: Hub API なし → 個別 API にフォールバック
2026-04-09 17:37:55,323 [INFO]   [previews] データなし (404): 20260303
2026-04-09 17:37:55,995 [INFO]   [results] データなし (404): 20260303
2026-04-09 17:37:55,995 [INFO]   20260303 [個別]: レース=156 出走=936 直前=0 結果=0 払戻=0
2026-04-09 17:37:55,996 [INFO] 処理中: 20260304
2026-04-09 17:37:56,669 [INFO]   [hub] データなし (404): 20260304
2026-04-09 17:37:56,669 [INFO]   20260304: Hub API なし → 個別 API にフォールバック
2026-04-09 17:37:58,065 [INFO]   [previews] データなし (404): 20260304
2026-04-09 17:37:58,747 [INFO]   [results] データなし (404): 20260304
2026-04-09 17:37:58,747 [INFO]   20260304 [個別]: レース=144 出走=864 直前=0 結果=0 払戻=0
2026-04-09 17:37:58,748 [INFO] 処理中: 20260305
2026-04-09 17:37:59,426 [INFO]   [hub] データなし (404): 20260305
2026-04-09 17:37:59,426 [INFO]   20260305: Hub API なし → 個別 API にフォールバック
2026-04-09 17:38:00,836 [INFO]   [previews] データなし (404): 20260305
2026-04-09 17:38:01,519 [INFO]   [results] データなし (404): 20260305
2026-04-09 17:38:01,519 [INFO]   20260305 [個別]: レース=144 出走=864 直前=0 結果=0 払戻=0
2026-04-09 17:38:01,519 [INFO] 処理中: 20260306
2026-04-09 17:38:02,202 [INFO]   [hub] データなし (404): 20260306
2026-04-09 17:38:02,202 [INFO]   20260306: Hub API なし → 個別 API にフォールバック
2026-04-09 17:38:03,583 [INFO]   [previews] データなし (404): 20260306
2026-04-09 17:38:04,265 [INFO]   [results] データなし (404): 20260306
2026-04-09 17:38:04,265 [INFO]   20260306 [個別]: レース=132 出走=792 直前=0 結果=0 払戻=0
2026-04-09 17:38:04,265 [INFO] 処理中: 20260307
2026-04-09 17:38:04,942 [INFO]   [hub] データなし (404): 20260307
2026-04-09 17:38:04,942 [INFO]   20260307: Hub API なし → 個別 API にフォールバック
2026-04-09 17:38:06,322 [INFO]   [previews] データなし (404): 20260307
2026-04-09 17:38:07,003 [INFO]   [results] データなし (404): 20260307
2026-04-09 17:38:07,003 [INFO]   20260307 [個別]: レース=120 出走=720 直前=0 結果=0 払戻=0
2026-04-09 17:38:07,003 [INFO] 処理中: 20260308
2026-04-09 17:38:07,681 [INFO]   [hub] データなし (404): 20260308
2026-04-09 17:38:07,681 [INFO]   20260308: Hub API なし → 個別 API にフォールバック
2026-04-09 17:38:09,079 [INFO]   [previews] データなし (404): 20260308
2026-04-09 17:38:09,750 [INFO]   [results] データなし (404): 20260308
2026-04-09 17:38:09,750 [INFO]   20260308 [個別]: レース=132 出走=792 直前=0 結果=0 払戻=0
2026-04-09 17:38:09,751 [INFO] 処理中: 20260309
2026-04-09 17:38:10,425 [INFO]   [hub] データなし (404): 20260309
2026-04-09 17:38:10,426 [INFO]   20260309: Hub API なし → 個別 API にフォールバック
2026-04-09 17:38:11,834 [INFO]   [previews] データなし (404): 20260309
2026-04-09 17:38:12,519 [INFO]   [results] データなし (404): 20260309
2026-04-09 17:38:12,520 [INFO]   20260309 [個別]: レース=132 出走=792 直前=0 結果=0 払戻=0
2026-04-09 17:38:12,520 [INFO] 処理中: 20260310
2026-04-09 17:38:13,193 [INFO]   [hub] データなし (404): 20260310
2026-04-09 17:38:13,193 [INFO]   20260310: Hub API なし → 個別 API にフォールバック
2026-04-09 17:38:14,577 [INFO]   [previews] データなし (404): 20260310
2026-04-09 17:38:15,258 [INFO]   [results] データなし (404): 20260310
2026-04-09 17:38:15,258 [INFO]   20260310 [個別]: レース=144 出走=864 直前=0 結果=0 払戻=0
2026-04-09 17:38:15,258 [INFO] 処理中: 20260311
2026-04-09 17:38:15,941 [INFO]   [hub] データなし (404): 20260311
2026-04-09 17:38:15,941 [INFO]   20260311: Hub API なし → 個別 API にフォールバック
2026-04-09 17:38:17,329 [INFO]   [previews] データなし (404): 20260311
2026-04-09 17:38:18,002 [INFO]   [results] データなし (404): 20260311
2026-04-09 17:38:18,002 [INFO]   20260311 [個別]: レース=156 出走=936 直前=0 結果=0 払戻=0
2026-04-09 17:38:18,003 [INFO] 処理中: 20260312
2026-04-09 17:38:18,695 [INFO]   [hub] データなし (404): 20260312
2026-04-09 17:38:18,695 [INFO]   20260312: Hub API なし → 個別 API にフォールバック
2026-04-09 17:38:20,105 [INFO]   [previews] データなし (404): 20260312
2026-04-09 17:38:20,783 [INFO]   [results] データなし (404): 20260312
2026-04-09 17:38:20,783 [INFO]   20260312 [個別]: レース=180 出走=1080 直前=0 結果=0 払戻=0
2026-04-09 17:38:20,783 [INFO] 処理中: 20260313
2026-04-09 17:38:21,461 [INFO]   [hub] データなし (404): 20260313
2026-04-09 17:38:21,461 [INFO]   20260313: Hub API なし → 個別 API にフォールバック
2026-04-09 17:38:22,864 [INFO]   [previews] データなし (404): 20260313
2026-04-09 17:38:23,557 [INFO]   [results] データなし (404): 20260313
2026-04-09 17:38:23,557 [INFO]   20260313 [個別]: レース=156 出走=936 直前=0 結果=0 払戻=0
2026-04-09 17:38:23,558 [INFO] 処理中: 20260314
2026-04-09 17:38:24,232 [INFO]   [hub] データなし (404): 20260314
2026-04-09 17:38:24,232 [INFO]   20260314: Hub API なし → 個別 API にフォールバック
2026-04-09 17:38:25,625 [INFO]   [previews] データなし (404): 20260314
2026-04-09 17:38:26,303 [INFO]   [results] データなし (404): 20260314
2026-04-09 17:38:26,303 [INFO]   20260314 [個別]: レース=156 出走=936 直前=0 結果=0 払戻=0
2026-04-09 17:38:26,304 [INFO] 処理中: 20260315
2026-04-09 17:38:26,974 [INFO]   [hub] データなし (404): 20260315
2026-04-09 17:38:26,974 [INFO]   20260315: Hub API なし → 個別 API にフォールバック
2026-04-09 17:38:28,358 [INFO]   [previews] データなし (404): 20260315
2026-04-09 17:38:29,044 [INFO]   [results] データなし (404): 20260315
2026-04-09 17:38:29,044 [INFO]   20260315 [個別]: レース=156 出走=936 直前=0 結果=0 払戻=0
2026-04-09 17:38:29,044 [INFO] 処理中: 20260316
2026-04-09 17:38:29,724 [INFO]   [hub] データなし (404): 20260316
2026-04-09 17:38:29,724 [INFO]   20260316: Hub API なし → 個別 API にフォールバック
2026-04-09 17:38:31,128 [INFO]   [previews] データなし (404): 20260316
2026-04-09 17:38:31,824 [INFO]   [results] データなし (404): 20260316
2026-04-09 17:38:31,824 [INFO]   20260316 [個別]: レース=132 出走=792 直前=0 結果=0 払戻=0
2026-04-09 17:38:31,825 [INFO] 処理中: 20260317
2026-04-09 17:38:32,501 [INFO]   [hub] データなし (404): 20260317
2026-04-09 17:38:32,502 [INFO]   20260317: Hub API なし → 個別 API にフォールバック
2026-04-09 17:38:33,889 [INFO]   [previews] データなし (404): 20260317
2026-04-09 17:38:34,567 [INFO]   [results] データなし (404): 20260317
2026-04-09 17:38:34,568 [INFO]   20260317 [個別]: レース=120 出走=720 直前=0 結果=0 払戻=0
2026-04-09 17:38:34,568 [INFO] 処理中: 20260318
2026-04-09 17:38:35,249 [INFO]   [hub] データなし (404): 20260318
2026-04-09 17:38:35,249 [INFO]   20260318: Hub API なし → 個別 API にフォールバック
2026-04-09 17:38:36,660 [INFO]   [previews] データなし (404): 20260318
2026-04-09 17:38:37,336 [INFO]   [results] データなし (404): 20260318
2026-04-09 17:38:37,336 [INFO]   20260318 [個別]: レース=132 出走=792 直前=0 結果=0 払戻=0
2026-04-09 17:38:37,336 [INFO] 処理中: 20260319
2026-04-09 17:38:38,013 [INFO]   [hub] データなし (404): 20260319
2026-04-09 17:38:38,013 [INFO]   20260319: Hub API なし → 個別 API にフォールバック
2026-04-09 17:38:39,414 [INFO]   [previews] データなし (404): 20260319
2026-04-09 17:38:40,086 [INFO]   [results] データなし (404): 20260319
2026-04-09 17:38:40,087 [INFO]   20260319 [個別]: レース=180 出走=1080 直前=0 結果=0 払戻=0
2026-04-09 17:38:40,087 [INFO] 処理中: 20260320
2026-04-09 17:38:40,766 [INFO]   [hub] データなし (404): 20260320
2026-04-09 17:38:40,766 [INFO]   20260320: Hub API なし → 個別 API にフォールバック
2026-04-09 17:38:42,159 [INFO]   [previews] データなし (404): 20260320
2026-04-09 17:38:42,841 [INFO]   [results] データなし (404): 20260320
2026-04-09 17:38:42,841 [INFO]   20260320 [個別]: レース=192 出走=1152 直前=0 結果=0 払戻=0
2026-04-09 17:38:42,842 [INFO] 処理中: 20260321
2026-04-09 17:38:43,515 [INFO]   [hub] データなし (404): 20260321
2026-04-09 17:38:43,515 [INFO]   20260321: Hub API なし → 個別 API にフォールバック
2026-04-09 17:38:44,993 [INFO]   [previews] データなし (404): 20260321
2026-04-09 17:38:45,674 [INFO]   [results] データなし (404): 20260321
2026-04-09 17:38:45,674 [INFO]   20260321 [個別]: レース=180 出走=1080 直前=0 結果=0 払戻=0
2026-04-09 17:38:45,675 [INFO] 処理中: 20260322
2026-04-09 17:38:46,348 [INFO]   [hub] データなし (404): 20260322
2026-04-09 17:38:46,348 [INFO]   20260322: Hub API なし → 個別 API にフォールバック
2026-04-09 17:38:48,487 [INFO]   20260322 [個別]: レース=180 出走=1080 直前=1078 結果=1080 払戻=1800
2026-04-09 17:38:48,489 [INFO] 処理中: 20260323
2026-04-09 17:38:49,163 [INFO]   [hub] データなし (404): 20260323
2026-04-09 17:38:49,163 [INFO]   20260323: Hub API なし → 個別 API にフォールバック
2026-04-09 17:38:51,304 [INFO]   20260323 [個別]: レース=156 出走=936 直前=935 結果=936 払戻=1556
2026-04-09 17:38:51,306 [INFO] 処理中: 20260324
2026-04-09 17:38:51,982 [INFO]   [hub] データなし (404): 20260324
2026-04-09 17:38:51,982 [INFO]   20260324: Hub API なし → 個別 API にフォールバック
2026-04-09 17:38:54,096 [INFO]   20260324 [個別]: レース=144 出走=864 直前=861 結果=864 払戻=1440
2026-04-09 17:38:54,098 [INFO] 処理中: 20260325
2026-04-09 17:38:54,783 [INFO]   [hub] データなし (404): 20260325
2026-04-09 17:38:54,783 [INFO]   20260325: Hub API なし → 個別 API にフォールバック
2026-04-09 17:38:56,889 [INFO]   20260325 [個別]: レース=132 出走=792 直前=792 結果=792 払戻=1320
2026-04-09 17:38:56,891 [INFO] 処理中: 20260326
2026-04-09 17:38:57,566 [INFO]   [hub] データなし (404): 20260326
2026-04-09 17:38:57,567 [INFO]   20260326: Hub API なし → 個別 API にフォールバック
2026-04-09 17:38:59,709 [INFO]   20260326 [個別]: レース=108 出走=648 直前=648 結果=648 払戻=1080
2026-04-09 17:38:59,710 [INFO] 処理中: 20260327
2026-04-09 17:39:00,382 [INFO]   [hub] データなし (404): 20260327
2026-04-09 17:39:00,383 [INFO]   20260327: Hub API なし → 個別 API にフォールバック
2026-04-09 17:39:02,494 [INFO]   20260327 [個別]: レース=132 出走=792 直前=792 結果=792 払戻=1320
2026-04-09 17:39:02,496 [INFO] 処理中: 20260328
2026-04-09 17:39:03,176 [INFO]   [hub] データなし (404): 20260328
2026-04-09 17:39:03,176 [INFO]   20260328: Hub API なし → 個別 API にフォールバック
2026-04-09 17:39:05,335 [INFO]   20260328 [個別]: レース=168 出走=1008 直前=1006 結果=1008 払戻=1680
2026-04-09 17:39:05,337 [INFO] 処理中: 20260329
2026-04-09 17:39:06,092 [INFO]   20260329 [Hub]: レース=180 出走=1080 直前=1078 結果=1080 払戻=1800
2026-04-09 17:39:06,093 [INFO] 処理中: 20260330
2026-04-09 17:39:06,851 [INFO]   20260330 [Hub]: レース=168 出走=1008 直前=989 結果=1008 払戻=1640
2026-04-09 17:39:06,853 [INFO] 処理中: 20260331
2026-04-09 17:39:07,608 [INFO]   20260331 [Hub]: レース=156 出走=936 直前=922 結果=936 払戻=1530
2026-04-09 17:39:07,610 [INFO] 処理中: 20260401
2026-04-09 17:39:08,481 [INFO]   20260401 [Hub]: レース=108 出走=648 直前=648 結果=648 払戻=1080
2026-04-09 17:39:08,483 [INFO] 処理中: 20260402
2026-04-09 17:39:09,224 [INFO]   20260402 [Hub]: レース=120 出走=720 直前=647 結果=720 払戻=1080
2026-04-09 17:39:09,225 [INFO] 処理中: 20260403
2026-04-09 17:39:09,970 [INFO]   20260403 [Hub]: レース=132 出走=792 直前=790 結果=792 払戻=1320
2026-04-09 17:39:09,971 [INFO] 処理中: 20260404
2026-04-09 17:39:10,745 [INFO]   20260404 [Hub]: レース=120 出走=720 直前=647 結果=720 払戻=1084
2026-04-09 17:39:10,746 [INFO] 処理中: 20260405
2026-04-09 17:39:11,499 [INFO]   20260405 [Hub]: レース=144 出走=864 直前=864 結果=864 払戻=1436
2026-04-09 17:39:11,501 [INFO] 処理中: 20260406
2026-04-09 17:39:12,246 [INFO]   20260406 [Hub]: レース=144 出走=864 直前=863 結果=864 払戻=1439
2026-04-09 17:39:12,248 [INFO] 処理中: 20260407
2026-04-09 17:39:12,979 [INFO]   20260407 [Hub]: レース=132 出走=792 直前=791 結果=792 払戻=1320
2026-04-09 17:39:12,981 [INFO] 処理中: 20260408
2026-04-09 17:39:13,715 [INFO]   20260408 [Hub]: レース=120 出走=720 直前=719 結果=720 払戻=1199
2026-04-09 17:39:13,716 [INFO] 処理中: 20260409
2026-04-09 17:39:15,836 [INFO]   20260409 [個別]: レース=120 出走=720 直前=576 結果=720 払戻=890
2026-04-09 17:39:15,838 [INFO] 完了: 99/99日分 保存
2026-04-09 17:39:15,839 [INFO] === DB件数 ===
2026-04-09 17:39:15,840 [INFO]   レース情報: 15,372 件
2026-04-09 17:39:15,844 [INFO]   出走表: 92,232 件
2026-04-09 17:39:15,845 [INFO]   直前情報: 15,646 件
2026-04-09 17:39:15,845 [INFO]   レース結果: 15,984 件
2026-04-09 17:39:15,847 [INFO]   払い戻し: 26,014 件
2026-04-09 17:53:01,014 [INFO] 対象日付: 2日分 (20260409 ～ 20260410)
2026-04-09 17:53:01,016 [INFO] DB テーブル初期化完了
2026-04-09 17:53:01,016 [INFO] 処理中: 20260409
2026-04-09 17:53:03,416 [INFO]   20260409 [個別]: レース=120 出走=720 直前=576 結果=720 払戻=890
2026-04-09 17:53:03,417 [INFO] 処理中: 20260410
2026-04-09 17:53:04,108 [INFO]   [programs] データなし (404): 20260410
2026-04-09 17:53:04,784 [INFO]   [previews] データなし (404): 20260410
2026-04-09 17:53:05,467 [INFO]   [results] データなし (404): 20260410
2026-04-09 17:53:05,467 [WARNING]   20260410: どのAPIからもデータ取得できず → スキップ
2026-04-09 17:53:05,468 [INFO] 完了: 1/2日分 保存
2026-04-09 17:53:05,469 [INFO] === DB件数 ===
2026-04-09 17:53:05,470 [INFO]   レース情報: 15,372 件
2026-04-09 17:53:05,475 [INFO]   出走表: 92,232 件
2026-04-09 17:53:05,476 [INFO]   直前情報: 15,646 件
2026-04-09 17:53:05,679 [INFO]   レース結果: 6,732,825 件
2026-04-09 17:53:05,680 [INFO]   払い戻し: 26,014 件
2026-04-09 17:54:30,589 [INFO] 対象日付: 2日分 (20260409 ～ 20260410)
2026-04-09 17:54:30,591 [INFO] DB テーブル初期化完了
2026-04-09 17:54:30,591 [INFO] 処理中: 20260409
2026-04-09 17:54:32,527 [INFO]   20260409 [個別]: レース=120 出走=720 直前=576 結果=720 払戻=890
2026-04-09 17:54:32,527 [INFO] 処理中: 20260410
2026-04-09 17:54:33,037 [INFO]   [programs] データなし (404): 20260410
2026-04-09 17:54:33,545 [INFO]   [previews] データなし (404): 20260410
2026-04-09 17:54:34,053 [INFO]   [results] データなし (404): 20260410
2026-04-09 17:54:34,053 [WARNING]   20260410: どのAPIからもデータ取得できず → スキップ
2026-04-09 17:54:34,053 [INFO] 完了: 1/2日分 保存
2026-04-09 17:54:34,055 [INFO] === DB件数 ===
2026-04-09 17:54:34,056 [INFO]   レース情報: 15,372 件
2026-04-09 17:54:34,059 [INFO]   出走表: 92,232 件
2026-04-09 17:54:34,060 [INFO]   直前情報: 15,646 件
2026-04-09 17:54:34,248 [INFO]   レース結果: 6,732,825 件
2026-04-09 17:54:34,249 [INFO]   払い戻し: 26,014 件
2026-04-09 18:08:00,100 [INFO] 対象日付: 2日分 (20260409 ～ 20260410)
2026-04-09 18:08:00,102 [INFO] DB テーブル初期化完了
2026-04-09 18:08:00,102 [INFO] 処理中: 20260409
2026-04-09 18:08:02,484 [INFO]   20260409 [個別]: レース=120 出走=720 直前=576 結果=720 払戻=890
2026-04-09 18:08:02,485 [INFO] 処理中: 20260410
2026-04-09 18:08:02,991 [INFO]   [programs] データなし (404): 20260410
2026-04-09 18:08:03,498 [INFO]   [previews] データなし (404): 20260410
2026-04-09 18:08:04,005 [INFO]   [results] データなし (404): 20260410
2026-04-09 18:08:04,005 [WARNING]   20260410: どのAPIからもデータ取得できず → スキップ
2026-04-09 18:08:04,006 [INFO] 完了: 1/2日分 保存
2026-04-09 18:08:04,007 [INFO] === DB件数 ===
2026-04-09 18:08:04,008 [INFO]   レース情報: 15,372 件
2026-04-09 18:08:04,011 [INFO]   出走表: 92,232 件
2026-04-09 18:08:04,012 [INFO]   直前情報: 15,646 件
2026-04-09 18:08:04,181 [INFO]   レース結果: 6,732,825 件
2026-04-09 18:08:04,182 [INFO]   払い戻し: 26,014 件
2026-04-09 22:14:00,129 [INFO] 対象日付: 2日分 (20260409 ～ 20260410)
2026-04-09 22:14:00,135 [INFO] DB テーブル初期化完了
2026-04-09 22:14:00,135 [INFO] 処理中: 20260409
2026-04-09 22:14:02,590 [INFO]   20260409 [個別]: レース=120 出走=720 直前=690 結果=720 払戻=1140
2026-04-09 22:14:02,591 [INFO] 処理中: 20260410
2026-04-09 22:14:03,269 [INFO]   [programs] データなし (404): 20260410
2026-04-09 22:14:03,953 [INFO]   [previews] データなし (404): 20260410
2026-04-09 22:14:04,632 [INFO]   [results] データなし (404): 20260410
2026-04-09 22:14:04,632 [WARNING]   20260410: どのAPIからもデータ取得できず → スキップ
2026-04-09 22:14:04,632 [INFO] 完了: 1/2日分 保存
2026-04-09 22:14:04,633 [INFO] === DB件数 ===
2026-04-09 22:14:04,640 [INFO]   レース情報: 15,372 件
2026-04-09 22:14:04,683 [INFO]   出走表: 92,232 件
2026-04-09 22:14:04,695 [INFO]   直前情報: 15,760 件
2026-04-09 22:14:04,840 [INFO]   レース結果: 6,732,825 件
2026-04-09 22:14:04,872 [INFO]   払い戻し: 26,264 件
2026-04-10 08:52:35,585 [INFO] 対象日付: 2日分 (20260409 ～ 20260410)
2026-04-10 08:52:35,587 [INFO] DB テーブル初期化完了
2026-04-10 08:52:35,588 [INFO] 処理中: 20260409
2026-04-10 08:52:36,650 [INFO]   20260409 [Hub]: レース=120 出走=720 直前=690 結果=720 払戻=1140
2026-04-10 08:52:36,651 [INFO] 処理中: 20260410
2026-04-10 08:52:38,736 [INFO]   20260410 [個別]: レース=120 出走=720 直前=0 結果=720 払戻=0
2026-04-10 08:52:38,737 [INFO] 完了: 2/2日分 保存
2026-04-10 08:52:38,738 [INFO] === DB件数 ===
2026-04-10 08:52:38,739 [INFO]   レース情報: 15,492 件
2026-04-10 08:52:38,742 [INFO]   出走表: 92,952 件
2026-04-10 08:52:38,742 [INFO]   直前情報: 15,760 件
2026-04-10 08:52:38,886 [INFO]   レース結果: 6,733,545 件
2026-04-10 08:52:38,887 [INFO]   払い戻し: 26,264 件
2026-04-10 11:34:50,160 [INFO] 対象日付: 2日分 (20260410 ～ 20260411)
2026-04-10 11:34:50,162 [INFO] DB テーブル初期化完了
2026-04-10 11:34:50,163 [INFO] 処理中: 20260410
2026-04-10 11:34:52,552 [INFO]   20260410 [個別]: レース=120 出走=720 直前=24 結果=720 払戻=20
2026-04-10 11:34:52,552 [INFO] 処理中: 20260411
2026-04-10 11:34:53,230 [INFO]   [programs] データなし (404): 20260411
2026-04-10 11:34:53,919 [INFO]   [previews] データなし (404): 20260411
2026-04-10 11:34:54,592 [INFO]   [results] データなし (404): 20260411
2026-04-10 11:34:54,593 [WARNING]   20260411: どのAPIからもデータ取得できず → スキップ
2026-04-10 11:34:54,593 [INFO] 完了: 1/2日分 保存
2026-04-10 11:34:54,594 [INFO] === DB件数 ===
2026-04-10 11:34:54,595 [INFO]   レース情報: 15,492 件
2026-04-10 11:34:54,598 [INFO]   出走表: 92,952 件
2026-04-10 11:34:54,598 [INFO]   直前情報: 15,784 件
2026-04-10 11:34:54,749 [INFO]   レース結果: 6,733,545 件
2026-04-10 11:34:54,750 [INFO]   払い戻し: 26,284 件
2026-04-10 12:19:23,778 [INFO] 対象日付: 2日分 (20260410 ～ 20260411)
2026-04-10 12:19:23,779 [INFO] DB テーブル初期化完了
2026-04-10 12:19:23,779 [INFO] 処理中: 20260410
2026-04-10 12:19:26,159 [INFO]   20260410 [個別]: レース=120 出走=720 直前=24 結果=720 払戻=20
2026-04-10 12:19:26,160 [INFO] 処理中: 20260411
2026-04-10 12:19:26,677 [INFO]   [programs] データなし (404): 20260411
2026-04-10 12:19:27,185 [INFO]   [previews] データなし (404): 20260411
2026-04-10 12:19:27,691 [INFO]   [results] データなし (404): 20260411
2026-04-10 12:19:27,691 [WARNING]   20260411: どのAPIからもデータ取得できず → スキップ
2026-04-10 12:19:27,691 [INFO] 完了: 1/2日分 保存
2026-04-10 12:19:27,692 [INFO] === DB件数 ===
2026-04-10 12:19:27,693 [INFO]   レース情報: 15,492 件
2026-04-10 12:19:27,696 [INFO]   出走表: 92,952 件
2026-04-10 12:19:27,696 [INFO]   直前情報: 15,784 件
2026-04-10 12:19:27,836 [INFO]   レース結果: 6,733,545 件
2026-04-10 12:19:27,837 [INFO]   払い戻し: 26,284 件
2026-04-10 14:25:54,947 [INFO] 対象日付: 2日分 (20260410 ～ 20260411)
2026-04-10 14:25:54,949 [INFO] DB テーブル初期化完了
2026-04-10 14:25:54,949 [INFO] 処理中: 20260410
2026-04-10 14:25:57,331 [INFO]   20260410 [個別]: レース=120 出走=720 直前=246 結果=720 払戻=260
2026-04-10 14:25:57,332 [INFO] 処理中: 20260411
2026-04-10 14:25:58,016 [INFO]   [programs] データなし (404): 20260411
2026-04-10 14:25:58,693 [INFO]   [previews] データなし (404): 20260411
2026-04-10 14:25:59,373 [INFO]   [results] データなし (404): 20260411
2026-04-10 14:25:59,373 [WARNING]   20260411: どのAPIからもデータ取得できず → スキップ
2026-04-10 14:25:59,373 [INFO] 完了: 1/2日分 保存
2026-04-10 14:25:59,374 [INFO] === DB件数 ===
2026-04-10 14:25:59,376 [INFO]   レース情報: 15,492 件
2026-04-10 14:25:59,378 [INFO]   出走表: 92,952 件
2026-04-10 14:25:59,379 [INFO]   直前情報: 16,006 件
2026-04-10 14:25:59,536 [INFO]   レース結果: 6,733,545 件
2026-04-10 14:25:59,537 [INFO]   払い戻し: 26,534 件
2026-04-10 16:04:13,433 [INFO] 対象日付: 2日分 (20260410 ～ 20260411)
2026-04-10 16:04:13,434 [INFO] DB テーブル初期化完了
2026-04-10 16:04:13,435 [INFO] 処理中: 20260410
2026-04-10 16:04:15,877 [INFO]   20260410 [個別]: レース=120 出走=720 直前=407 結果=720 払戻=570
2026-04-10 16:04:15,878 [INFO] 処理中: 20260411
2026-04-10 16:04:16,853 [INFO]   [programs] データなし (404): 20260411
2026-04-10 16:04:17,533 [INFO]   [previews] データなし (404): 20260411
2026-04-10 16:04:18,219 [INFO]   [results] データなし (404): 20260411
2026-04-10 16:04:18,219 [WARNING]   20260411: どのAPIからもデータ取得できず → スキップ
2026-04-10 16:04:18,219 [INFO] 完了: 1/2日分 保存
2026-04-10 16:04:18,220 [INFO] === DB件数 ===
2026-04-10 16:04:18,221 [INFO]   レース情報: 15,492 件
2026-04-10 16:04:18,223 [INFO]   出走表: 92,952 件
2026-04-10 16:04:18,224 [INFO]   直前情報: 16,167 件
2026-04-10 16:04:18,389 [INFO]   レース結果: 6,733,545 件
2026-04-10 16:04:18,390 [INFO]   払い戻し: 26,834 件
2026-04-10 19:15:57,700 [INFO] 対象日付: 2日分 (20260410 ～ 20260411)
2026-04-10 19:15:57,702 [INFO] DB テーブル初期化完了
2026-04-10 19:15:57,702 [INFO] 処理中: 20260410
2026-04-10 19:16:00,204 [INFO]   20260410 [個別]: レース=120 出走=720 直前=629 結果=720 払戻=1086
2026-04-10 19:16:00,204 [INFO] 処理中: 20260411
2026-04-10 19:16:00,897 [INFO]   [programs] データなし (404): 20260411
2026-04-10 19:16:01,593 [INFO]   [previews] データなし (404): 20260411
2026-04-10 19:16:02,283 [INFO]   [results] データなし (404): 20260411
2026-04-10 19:16:02,283 [WARNING]   20260411: どのAPIからもデータ取得できず → スキップ
2026-04-10 19:16:02,283 [INFO] 完了: 1/2日分 保存
2026-04-10 19:16:02,284 [INFO] === DB件数 ===
2026-04-10 19:16:02,285 [INFO]   レース情報: 15,492 件
2026-04-10 19:16:02,287 [INFO]   出走表: 92,952 件
2026-04-10 19:16:02,288 [INFO]   直前情報: 16,389 件
2026-04-10 19:16:02,440 [INFO]   レース結果: 6,733,545 件
2026-04-10 19:16:02,441 [INFO]   払い戻し: 27,350 件
2026-04-10 22:22:38,385 [INFO] 対象日付: 2日分 (20260410 ～ 20260411)
2026-04-10 22:22:38,387 [INFO] DB テーブル初期化完了
2026-04-10 22:22:38,387 [INFO] 処理中: 20260410
2026-04-10 22:22:40,860 [INFO]   20260410 [個別]: レース=120 出走=720 直前=719 結果=720 払戻=1196
2026-04-10 22:22:40,861 [INFO] 処理中: 20260411
2026-04-10 22:22:41,543 [INFO]   [programs] データなし (404): 20260411
2026-04-10 22:22:42,245 [INFO]   [previews] データなし (404): 20260411
2026-04-10 22:22:42,932 [INFO]   [results] データなし (404): 20260411
2026-04-10 22:22:42,932 [WARNING]   20260411: どのAPIからもデータ取得できず → スキップ
2026-04-10 22:22:42,932 [INFO] 完了: 1/2日分 保存
2026-04-10 22:22:42,934 [INFO] === DB件数 ===
2026-04-10 22:22:42,935 [INFO]   レース情報: 15,492 件
2026-04-10 22:22:42,937 [INFO]   出走表: 92,952 件
2026-04-10 22:22:42,938 [INFO]   直前情報: 16,479 件
2026-04-10 22:22:43,083 [INFO]   レース結果: 6,733,545 件
2026-04-10 22:22:43,085 [INFO]   払い戻し: 27,460 件
2026-04-10 23:25:06,546 [INFO] 対象日付: 2日分 (20260410 ～ 20260411)
2026-04-10 23:25:06,547 [INFO] DB テーブル初期化完了
2026-04-10 23:25:06,547 [INFO] 処理中: 20260410
2026-04-10 23:25:08,951 [INFO]   20260410 [個別]: レース=120 出走=720 直前=719 結果=720 払戻=1196
2026-04-10 23:25:08,952 [INFO] 処理中: 20260411
2026-04-10 23:25:09,628 [INFO]   [programs] データなし (404): 20260411
2026-04-10 23:25:10,311 [INFO]   [previews] データなし (404): 20260411
2026-04-10 23:25:11,002 [INFO]   [results] データなし (404): 20260411
2026-04-10 23:25:11,002 [WARNING]   20260411: どのAPIからもデータ取得できず → スキップ
2026-04-10 23:25:11,003 [INFO] 完了: 1/2日分 保存
2026-04-10 23:25:11,004 [INFO] === DB件数 ===
2026-04-10 23:25:11,005 [INFO]   レース情報: 15,492 件
2026-04-10 23:25:11,007 [INFO]   出走表: 92,952 件
2026-04-10 23:25:11,008 [INFO]   直前情報: 16,479 件
2026-04-10 23:25:11,154 [INFO]   レース結果: 6,733,545 件
2026-04-10 23:25:11,155 [INFO]   払い戻し: 27,460 件
2026-04-10 23:37:20,051 [INFO] 対象日付: 2日分 (20260410 ～ 20260411)
2026-04-10 23:37:20,052 [INFO] DB テーブル初期化完了
2026-04-10 23:37:20,052 [INFO] 処理中: 20260410
2026-04-10 23:37:22,470 [INFO]   20260410 [個別]: レース=120 出走=720 直前=719 結果=720 払戻=1196
2026-04-10 23:37:22,471 [INFO] 処理中: 20260411
2026-04-10 23:37:22,978 [INFO]   [programs] データなし (404): 20260411
2026-04-10 23:37:23,486 [INFO]   [previews] データなし (404): 20260411
2026-04-10 23:37:23,992 [INFO]   [results] データなし (404): 20260411
2026-04-10 23:37:23,992 [WARNING]   20260411: どのAPIからもデータ取得できず → スキップ
2026-04-10 23:37:23,993 [INFO] 完了: 1/2日分 保存
2026-04-10 23:37:23,994 [INFO] === DB件数 ===
2026-04-10 23:37:23,995 [INFO]   レース情報: 15,492 件
2026-04-10 23:37:23,997 [INFO]   出走表: 92,952 件
2026-04-10 23:37:23,997 [INFO]   直前情報: 16,479 件
2026-04-10 23:37:24,140 [INFO]   レース結果: 6,733,545 件
2026-04-10 23:37:24,141 [INFO]   払い戻し: 27,460 件
2026-04-11 00:10:02,159 [INFO] 対象日付: 2日分 (20260410 ～ 20260411)
2026-04-11 00:10:02,161 [INFO] DB テーブル初期化完了
2026-04-11 00:10:02,161 [INFO] 処理中: 20260410
2026-04-11 00:10:03,255 [INFO]   20260410 [Hub]: レース=120 出走=720 直前=719 結果=720 払戻=1196
2026-04-11 00:10:03,256 [INFO] 処理中: 20260411
2026-04-11 00:10:04,646 [INFO]   [previews] データなし (404): 20260411
2026-04-11 00:10:05,336 [INFO]   [results] データなし (404): 20260411
2026-04-11 00:10:05,337 [INFO]   20260411 [個別]: レース=120 出走=720 直前=0 結果=0 払戻=0
2026-04-11 00:10:05,337 [INFO] 完了: 2/2日分 保存
2026-04-11 00:10:05,338 [INFO] === DB件数 ===
2026-04-11 00:10:05,340 [INFO]   レース情報: 15,612 件
2026-04-11 00:10:05,342 [INFO]   出走表: 93,672 件
2026-04-11 00:10:05,343 [INFO]   直前情報: 16,479 件
2026-04-11 00:10:05,484 [INFO]   レース結果: 6,733,545 件
2026-04-11 00:10:05,485 [INFO]   払い戻し: 27,460 件
2026-04-11 08:47:43,087 [INFO] 対象日付: 2日分 (20260410 ～ 20260411)
2026-04-11 08:47:43,088 [INFO] DB テーブル初期化完了
2026-04-11 08:47:43,088 [INFO] 処理中: 20260410
2026-04-11 08:47:44,139 [INFO]   20260410 [Hub]: レース=120 出走=720 直前=719 結果=720 払戻=1196
2026-04-11 08:47:44,140 [INFO] 処理中: 20260411
2026-04-11 08:47:46,209 [INFO]   20260411 [個別]: レース=120 出走=720 直前=0 結果=720 払戻=0
2026-04-11 08:47:46,210 [INFO] 完了: 2/2日分 保存
2026-04-11 08:47:46,211 [INFO] === DB件数 ===
2026-04-11 08:47:46,212 [INFO]   レース情報: 15,612 件
2026-04-11 08:47:46,214 [INFO]   出走表: 93,672 件
2026-04-11 08:47:46,214 [INFO]   直前情報: 16,479 件
2026-04-11 08:47:46,355 [INFO]   レース結果: 6,734,265 件
2026-04-11 08:47:46,356 [INFO]   払い戻し: 27,460 件
2026-04-11 19:28:17,419 [INFO] 対象日付: 2日分 (20260411 ～ 20260412)
2026-04-11 19:28:17,421 [INFO] DB テーブル初期化完了
2026-04-11 19:28:17,421 [INFO] 処理中: 20260411
2026-04-11 19:28:19,647 [INFO]   20260411 [個別]: レース=120 出走=720 直前=670 結果=720 払戻=1060
2026-04-11 19:28:19,648 [INFO] 処理中: 20260412
2026-04-11 19:28:20,321 [INFO]   [programs] データなし (404): 20260412
2026-04-11 19:28:20,992 [INFO]   [previews] データなし (404): 20260412
2026-04-11 19:28:21,679 [INFO]   [results] データなし (404): 20260412
2026-04-11 19:28:21,679 [WARNING]   20260412: どのAPIからもデータ取得できず → スキップ
2026-04-11 19:28:21,679 [INFO] 完了: 1/2日分 保存
2026-04-11 19:28:21,681 [INFO] === DB件数 ===
2026-04-11 19:28:21,682 [INFO]   レース情報: 15,612 件
2026-04-11 19:28:21,684 [INFO]   出走表: 93,672 件
2026-04-11 19:28:21,685 [INFO]   直前情報: 17,149 件
2026-04-11 19:28:21,826 [INFO]   レース結果: 6,734,265 件
2026-04-11 19:28:21,827 [INFO]   払い戻し: 28,520 件
2026-04-11 19:44:45,872 [INFO] 対象日付: 2日分 (20260411 ～ 20260412)
2026-04-11 19:44:45,873 [INFO] DB テーブル初期化完了
2026-04-11 19:44:45,874 [INFO] 処理中: 20260411
2026-04-11 19:44:48,271 [INFO]   20260411 [個別]: レース=120 出走=720 直前=670 結果=720 払戻=1110
2026-04-11 19:44:48,271 [INFO] 処理中: 20260412
2026-04-11 19:44:48,942 [INFO]   [programs] データなし (404): 20260412
2026-04-11 19:44:49,613 [INFO]   [previews] データなし (404): 20260412
2026-04-11 19:44:50,287 [INFO]   [results] データなし (404): 20260412
2026-04-11 19:44:50,287 [WARNING]   20260412: どのAPIからもデータ取得できず → スキップ
2026-04-11 19:44:50,287 [INFO] 完了: 1/2日分 保存
2026-04-11 19:44:50,288 [INFO] === DB件数 ===
2026-04-11 19:44:50,290 [INFO]   レース情報: 15,612 件
2026-04-11 19:44:50,292 [INFO]   出走表: 93,672 件
2026-04-11 19:44:50,292 [INFO]   直前情報: 17,149 件
2026-04-11 19:44:50,432 [INFO]   レース結果: 6,734,265 件
2026-04-11 19:44:50,433 [INFO]   払い戻し: 28,570 件
2026-04-11 19:58:52,142 [INFO] 対象日付: 2日分 (20260411 ～ 20260412)
2026-04-11 19:58:52,143 [INFO] DB テーブル初期化完了
2026-04-11 19:58:52,143 [INFO] 処理中: 20260411
2026-04-11 19:58:54,507 [INFO]   20260411 [個別]: レース=120 出走=720 直前=670 結果=720 払戻=1110
2026-04-11 19:58:54,508 [INFO] 処理中: 20260412
2026-04-11 19:58:55,184 [INFO]   [programs] データなし (404): 20260412
2026-04-11 19:58:55,857 [INFO]   [previews] データなし (404): 20260412
2026-04-11 19:58:56,534 [INFO]   [results] データなし (404): 20260412
2026-04-11 19:58:56,534 [WARNING]   20260412: どのAPIからもデータ取得できず → スキップ
2026-04-11 19:58:56,535 [INFO] 完了: 1/2日分 保存
2026-04-11 19:58:56,536 [INFO] === DB件数 ===
2026-04-11 19:58:56,537 [INFO]   レース情報: 15,612 件
2026-04-11 19:58:56,539 [INFO]   出走表: 93,672 件
2026-04-11 19:58:56,540 [INFO]   直前情報: 17,149 件
2026-04-11 19:58:56,688 [INFO]   レース結果: 6,734,265 件
2026-04-11 19:58:56,689 [INFO]   払い戻し: 28,570 件
2026-04-11 20:02:19,900 [INFO] 対象日付: 2日分 (20260411 ～ 20260412)
2026-04-11 20:02:19,901 [INFO] DB テーブル初期化完了
2026-04-11 20:02:19,901 [INFO] 処理中: 20260411
2026-04-11 20:02:22,114 [INFO]   20260411 [個別]: レース=120 出走=720 直前=670 結果=720 払戻=1110
2026-04-11 20:02:22,115 [INFO] 処理中: 20260412
2026-04-11 20:02:22,621 [INFO]   [programs] データなし (404): 20260412
2026-04-11 20:02:23,126 [INFO]   [previews] データなし (404): 20260412
2026-04-11 20:02:23,633 [INFO]   [results] データなし (404): 20260412
2026-04-11 20:02:23,633 [WARNING]   20260412: どのAPIからもデータ取得できず → スキップ
2026-04-11 20:02:23,633 [INFO] 完了: 1/2日分 保存
2026-04-11 20:02:23,634 [INFO] === DB件数 ===
2026-04-11 20:02:23,635 [INFO]   レース情報: 15,612 件
2026-04-11 20:02:23,637 [INFO]   出走表: 93,672 件
2026-04-11 20:02:23,638 [INFO]   直前情報: 17,149 件
2026-04-11 20:02:23,780 [INFO]   レース結果: 6,734,265 件
2026-04-11 20:02:23,780 [INFO]   払い戻し: 28,570 件
2026-04-12 19:03:00,463 [INFO] 対象日付: 2日分 (20260412 ～ 20260413)
2026-04-12 19:03:00,465 [INFO] DB テーブル初期化完了
2026-04-12 19:03:00,465 [INFO] 処理中: 20260412
2026-04-12 19:03:02,690 [INFO]   20260412 [個別]: レース=132 出走=792 直前=707 結果=792 払戻=1180
2026-04-12 19:03:02,691 [INFO] 処理中: 20260413
2026-04-12 19:03:03,369 [INFO]   [programs] データなし (404): 20260413
2026-04-12 19:03:04,042 [INFO]   [previews] データなし (404): 20260413
2026-04-12 19:03:04,712 [INFO]   [results] データなし (404): 20260413
2026-04-12 19:03:04,713 [WARNING]   20260413: どのAPIからもデータ取得できず → スキップ
2026-04-12 19:03:04,713 [INFO] 完了: 1/2日分 保存
2026-04-12 19:03:04,714 [INFO] === DB件数 ===
2026-04-12 19:03:04,715 [INFO]   レース情報: 15,744 件
2026-04-12 19:03:04,718 [INFO]   出走表: 94,464 件
2026-04-12 19:03:04,718 [INFO]   直前情報: 17,856 件
2026-04-12 19:03:04,858 [INFO]   レース結果: 6,735,057 件
2026-04-12 19:03:04,859 [INFO]   払い戻し: 29,750 件
2026-04-13 18:46:14,647 [INFO] 対象日付: 2日分 (20260413 ～ 20260414)
2026-04-13 18:46:14,649 [INFO] DB テーブル初期化完了
2026-04-13 18:46:14,649 [INFO] 処理中: 20260413
2026-04-13 18:46:17,120 [INFO]   20260413 [個別]: レース=132 出走=792 直前=682 結果=792 払戻=1160
2026-04-13 18:46:17,121 [INFO] 処理中: 20260414
2026-04-13 18:46:17,807 [INFO]   [programs] データなし (404): 20260414
2026-04-13 18:46:18,486 [INFO]   [previews] データなし (404): 20260414
2026-04-13 18:46:19,170 [INFO]   [results] データなし (404): 20260414
2026-04-13 18:46:19,170 [WARNING]   20260414: どのAPIからもデータ取得できず → スキップ
2026-04-13 18:46:19,171 [INFO] 完了: 1/2日分 保存
2026-04-13 18:46:19,172 [INFO] === DB件数 ===
2026-04-13 18:46:19,184 [INFO]   レース情報: 15,876 件
2026-04-13 18:46:19,261 [INFO]   出走表: 95,256 件
2026-04-13 18:46:19,274 [INFO]   直前情報: 18,538 件
2026-04-13 18:46:24,773 [INFO]   レース結果: 6,735,849 件
2026-04-13 18:46:24,808 [INFO]   払い戻し: 30,910 件
2026-04-14 11:35:56,163 [INFO] 対象日付: 2日分 (20260414 ～ 20260415)
2026-04-14 11:35:56,165 [INFO] DB テーブル初期化完了
2026-04-14 11:35:56,165 [INFO] 処理中: 20260414
2026-04-14 11:35:58,438 [INFO]   20260414 [個別]: レース=144 出走=864 直前=30 結果=864 払戻=30
2026-04-14 11:35:58,438 [INFO] 処理中: 20260415
2026-04-14 11:35:59,121 [INFO]   [programs] データなし (404): 20260415
2026-04-14 11:35:59,809 [INFO]   [previews] データなし (404): 20260415
2026-04-14 11:36:00,489 [INFO]   [results] データなし (404): 20260415
2026-04-14 11:36:00,489 [WARNING]   20260415: どのAPIからもデータ取得できず → スキップ
2026-04-14 11:36:00,489 [INFO] 完了: 1/2日分 保存
2026-04-14 11:36:00,491 [INFO] === DB件数 ===
2026-04-14 11:36:00,492 [INFO]   レース情報: 16,020 件
2026-04-14 11:36:00,494 [INFO]   出走表: 96,120 件
2026-04-14 11:36:00,495 [INFO]   直前情報: 18,568 件
2026-04-14 11:36:00,660 [INFO]   レース結果: 6,736,713 件
2026-04-14 11:36:00,661 [INFO]   払い戻し: 30,940 件
2026-04-14 17:05:29,036 [INFO] 対象日付: 2日分 (20260414 ～ 20260415)
2026-04-14 17:05:29,038 [INFO] DB テーブル初期化完了
2026-04-14 17:05:29,038 [INFO] 処理中: 20260414
2026-04-14 17:05:31,434 [INFO]   20260414 [個別]: レース=144 出走=864 直前=720 結果=864 払戻=930
2026-04-14 17:05:31,435 [INFO] 処理中: 20260415
2026-04-14 17:05:32,121 [INFO]   [programs] データなし (404): 20260415
2026-04-14 17:05:32,802 [INFO]   [previews] データなし (404): 20260415
2026-04-14 17:05:33,502 [INFO]   [results] データなし (404): 20260415
2026-04-14 17:05:33,502 [WARNING]   20260415: どのAPIからもデータ取得できず → スキップ
2026-04-14 17:05:33,503 [INFO] 完了: 1/2日分 保存
2026-04-14 17:05:33,504 [INFO] === DB件数 ===
2026-04-14 17:05:33,505 [INFO]   レース情報: 16,020 件
2026-04-14 17:05:33,508 [INFO]   出走表: 96,120 件
2026-04-14 17:05:33,508 [INFO]   直前情報: 19,258 件
2026-04-14 17:05:33,670 [INFO]   レース結果: 6,736,713 件
2026-04-14 17:05:33,671 [INFO]   払い戻し: 31,840 件
2026-04-14 17:52:48,882 [INFO] 対象日付: 2日分 (20260414 ～ 20260415)
2026-04-14 17:52:48,883 [INFO] DB テーブル初期化完了
2026-04-14 17:52:48,883 [INFO] 処理中: 20260414
2026-04-14 17:52:51,317 [INFO]   20260414 [個別]: レース=144 出走=864 直前=720 結果=864 払戻=930
2026-04-14 17:52:51,318 [INFO] 処理中: 20260415
2026-04-14 17:52:52,001 [INFO]   [programs] データなし (404): 20260415
2026-04-14 17:52:52,686 [INFO]   [previews] データなし (404): 20260415
2026-04-14 17:52:53,374 [INFO]   [results] データなし (404): 20260415
2026-04-14 17:52:53,375 [WARNING]   20260415: どのAPIからもデータ取得できず → スキップ
2026-04-14 17:52:53,375 [INFO] 完了: 1/2日分 保存
2026-04-14 17:52:53,376 [INFO] === DB件数 ===
2026-04-14 17:52:53,377 [INFO]   レース情報: 16,020 件
2026-04-14 17:52:53,380 [INFO]   出走表: 96,120 件
2026-04-14 17:52:53,381 [INFO]   直前情報: 19,258 件
2026-04-14 17:52:53,533 [INFO]   レース結果: 6,736,713 件
2026-04-14 17:52:53,534 [INFO]   払い戻し: 31,840 件
2026-04-14 18:21:11,443 [INFO] 対象日付: 2日分 (20260414 ～ 20260415)
2026-04-14 18:21:11,444 [INFO] DB テーブル初期化完了
2026-04-14 18:21:11,444 [INFO] 処理中: 20260414
2026-04-14 18:21:13,910 [INFO]   20260414 [個別]: レース=144 出走=864 直前=720 結果=864 払戻=1270
2026-04-14 18:21:13,910 [INFO] 処理中: 20260415
2026-04-14 18:21:14,601 [INFO]   [programs] データなし (404): 20260415
2026-04-14 18:21:15,295 [INFO]   [previews] データなし (404): 20260415
2026-04-14 18:21:15,969 [INFO]   [results] データなし (404): 20260415
2026-04-14 18:21:15,969 [WARNING]   20260415: どのAPIからもデータ取得できず → スキップ
2026-04-14 18:21:15,970 [INFO] 完了: 1/2日分 保存
2026-04-14 18:21:15,971 [INFO] === DB件数 ===
2026-04-14 18:21:15,972 [INFO]   レース情報: 16,020 件
2026-04-14 18:21:15,975 [INFO]   出走表: 96,120 件
2026-04-14 18:21:15,975 [INFO]   直前情報: 19,258 件
2026-04-14 18:21:16,143 [INFO]   レース結果: 6,736,713 件
2026-04-14 18:21:16,144 [INFO]   払い戻し: 32,180 件
2026-04-14 18:49:48,663 [INFO] 対象日付: 2日分 (20260414 ～ 20260415)
2026-04-14 18:49:48,664 [INFO] DB テーブル初期化完了
2026-04-14 18:49:48,665 [INFO] 処理中: 20260414
2026-04-14 18:49:51,089 [INFO]   20260414 [個別]: レース=144 出走=864 直前=786 結果=864 払戻=1270
2026-04-14 18:49:51,090 [INFO] 処理中: 20260415
2026-04-14 18:49:51,778 [INFO]   [programs] データなし (404): 20260415
2026-04-14 18:49:52,453 [INFO]   [previews] データなし (404): 20260415
2026-04-14 18:49:53,133 [INFO]   [results] データなし (404): 20260415
2026-04-14 18:49:53,133 [WARNING]   20260415: どのAPIからもデータ取得できず → スキップ
2026-04-14 18:49:53,133 [INFO] 完了: 1/2日分 保存
2026-04-14 18:49:53,134 [INFO] === DB件数 ===
2026-04-14 18:49:53,135 [INFO]   レース情報: 16,020 件
2026-04-14 18:49:53,138 [INFO]   出走表: 96,120 件
2026-04-14 18:49:53,139 [INFO]   直前情報: 19,324 件
2026-04-14 18:49:53,354 [INFO]   レース結果: 6,736,713 件
2026-04-14 18:49:53,355 [INFO]   払い戻し: 32,180 件
2026-04-14 23:08:02,834 [INFO] 対象日付: 2日分 (20260414 ～ 20260415)
2026-04-14 23:08:02,835 [INFO] DB テーブル初期化完了
2026-04-14 23:08:02,835 [INFO] 処理中: 20260414
2026-04-14 23:08:05,300 [INFO]   20260414 [個別]: レース=144 出走=864 直前=864 結果=864 払戻=1440
2026-04-14 23:08:05,300 [INFO] 処理中: 20260415
2026-04-14 23:08:05,987 [INFO]   [programs] データなし (404): 20260415
2026-04-14 23:08:06,680 [INFO]   [previews] データなし (404): 20260415
2026-04-14 23:08:07,362 [INFO]   [results] データなし (404): 20260415
2026-04-14 23:08:07,362 [WARNING]   20260415: どのAPIからもデータ取得できず → スキップ
2026-04-14 23:08:07,362 [INFO] 完了: 1/2日分 保存
2026-04-14 23:08:07,364 [INFO] === DB件数 ===
2026-04-14 23:08:07,365 [INFO]   レース情報: 16,020 件
2026-04-14 23:08:07,367 [INFO]   出走表: 96,120 件
2026-04-14 23:08:07,368 [INFO]   直前情報: 19,402 件
2026-04-14 23:08:07,509 [INFO]   レース結果: 6,736,713 件
2026-04-14 23:08:07,510 [INFO]   払い戻し: 32,350 件
2026-04-15 10:15:27,685 [INFO] 対象日付: 2日分 (20260415 ～ 20260416)
2026-04-15 10:15:27,687 [INFO] DB テーブル初期化完了
2026-04-15 10:15:27,687 [INFO] 処理中: 20260415
2026-04-15 10:15:30,149 [INFO]   20260415 [個別]: レース=132 出走=792 直前=30 結果=792 払戻=20
2026-04-15 10:15:30,149 [INFO] 処理中: 20260416
2026-04-15 10:15:30,823 [INFO]   [programs] データなし (404): 20260416
2026-04-15 10:15:31,503 [INFO]   [previews] データなし (404): 20260416
2026-04-15 10:15:32,181 [INFO]   [results] データなし (404): 20260416
2026-04-15 10:15:32,181 [WARNING]   20260416: どのAPIからもデータ取得できず → スキップ
2026-04-15 10:15:32,181 [INFO] 完了: 1/2日分 保存
2026-04-15 10:15:32,183 [INFO] === DB件数 ===
2026-04-15 10:15:32,184 [INFO]   レース情報: 16,152 件
2026-04-15 10:15:32,186 [INFO]   出走表: 96,912 件
2026-04-15 10:15:32,187 [INFO]   直前情報: 19,432 件
2026-04-15 10:15:32,349 [INFO]   レース結果: 6,737,505 件
2026-04-15 10:15:32,350 [INFO]   払い戻し: 32,370 件
2026-04-15 11:52:24,310 [INFO] 対象日付: 2日分 (20260415 ～ 20260416)
2026-04-15 11:52:24,311 [INFO] DB テーブル初期化完了
2026-04-15 11:52:24,311 [INFO] 処理中: 20260415
2026-04-15 11:52:26,706 [INFO]   20260415 [個別]: レース=132 出走=792 直前=30 結果=792 払戻=20
2026-04-15 11:52:26,707 [INFO] 処理中: 20260416
2026-04-15 11:52:27,396 [INFO]   [programs] データなし (404): 20260416
2026-04-15 11:52:28,096 [INFO]   [previews] データなし (404): 20260416
2026-04-15 11:52:28,776 [INFO]   [results] データなし (404): 20260416
2026-04-15 11:52:28,776 [WARNING]   20260416: どのAPIからもデータ取得できず → スキップ
2026-04-15 11:52:28,776 [INFO] 完了: 1/2日分 保存
2026-04-15 11:52:28,777 [INFO] === DB件数 ===
2026-04-15 11:52:28,778 [INFO]   レース情報: 16,152 件
2026-04-15 11:52:28,781 [INFO]   出走表: 96,912 件
2026-04-15 11:52:28,781 [INFO]   直前情報: 19,432 件
2026-04-15 11:52:28,935 [INFO]   レース結果: 6,737,505 件
2026-04-15 11:52:28,937 [INFO]   払い戻し: 32,370 件
2026-04-15 14:20:03,085 [INFO] 対象日付: 2日分 (20260415 ～ 20260416)
2026-04-15 14:20:03,087 [INFO] DB テーブル初期化完了
2026-04-15 14:20:03,087 [INFO] 処理中: 20260415
2026-04-15 14:20:05,498 [INFO]   20260415 [個別]: レース=132 出走=792 直前=294 結果=792 払戻=380
2026-04-15 14:20:05,499 [INFO] 処理中: 20260416
2026-04-15 14:20:06,181 [INFO]   [programs] データなし (404): 20260416
2026-04-15 14:20:06,872 [INFO]   [previews] データなし (404): 20260416
2026-04-15 14:20:07,557 [INFO]   [results] データなし (404): 20260416
2026-04-15 14:20:07,557 [WARNING]   20260416: どのAPIからもデータ取得できず → スキップ
2026-04-15 14:20:07,558 [INFO] 完了: 1/2日分 保存
2026-04-15 14:20:07,559 [INFO] === DB件数 ===
2026-04-15 14:20:07,560 [INFO]   レース情報: 16,152 件
2026-04-15 14:20:07,563 [INFO]   出走表: 96,912 件
2026-04-15 14:20:07,564 [INFO]   直前情報: 19,696 件
2026-04-15 14:20:07,731 [INFO]   レース結果: 6,737,505 件
2026-04-15 14:20:07,732 [INFO]   払い戻し: 32,730 件
2026-04-15 17:10:40,621 [INFO] 対象日付: 2日分 (20260415 ～ 20260416)
2026-04-15 17:10:40,623 [INFO] DB テーブル初期化完了
2026-04-15 17:10:40,623 [INFO] 処理中: 20260415
2026-04-15 17:10:43,060 [INFO]   20260415 [個別]: レース=132 出走=792 直前=648 結果=792 払戻=820
2026-04-15 17:10:43,061 [INFO] 処理中: 20260416
2026-04-15 17:10:43,753 [INFO]   [programs] データなし (404): 20260416
2026-04-15 17:10:44,446 [INFO]   [previews] データなし (404): 20260416
2026-04-15 17:10:45,133 [INFO]   [results] データなし (404): 20260416
2026-04-15 17:10:45,133 [WARNING]   20260416: どのAPIからもデータ取得できず → スキップ
2026-04-15 17:10:45,134 [INFO] 完了: 1/2日分 保存
2026-04-15 17:10:45,135 [INFO] === DB件数 ===
2026-04-15 17:10:45,136 [INFO]   レース情報: 16,152 件
2026-04-15 17:10:45,140 [INFO]   出走表: 96,912 件
2026-04-15 17:10:45,141 [INFO]   直前情報: 20,050 件
2026-04-15 17:10:45,343 [INFO]   レース結果: 6,737,505 件
2026-04-15 17:10:45,344 [INFO]   払い戻し: 33,180 件
2026-04-15 18:18:27,486 [INFO] 対象日付: 2日分 (20260415 ～ 20260416)
2026-04-15 18:18:27,487 [INFO] DB テーブル初期化完了
2026-04-15 18:18:27,487 [INFO] 処理中: 20260415
2026-04-15 18:18:29,907 [INFO]   20260415 [個別]: レース=132 出走=792 直前=648 結果=792 払戻=1150
2026-04-15 18:18:29,908 [INFO] 処理中: 20260416
2026-04-15 18:18:30,606 [INFO]   [programs] データなし (404): 20260416
2026-04-15 18:18:31,290 [INFO]   [previews] データなし (404): 20260416
2026-04-15 18:18:31,984 [INFO]   [results] データなし (404): 20260416
2026-04-15 18:18:31,984 [WARNING]   20260416: どのAPIからもデータ取得できず → スキップ
2026-04-15 18:18:31,984 [INFO] 完了: 1/2日分 保存
2026-04-15 18:18:31,985 [INFO] === DB件数 ===
2026-04-15 18:18:31,987 [INFO]   レース情報: 16,152 件
2026-04-15 18:18:31,991 [INFO]   出走表: 96,912 件
2026-04-15 18:18:31,991 [INFO]   直前情報: 20,050 件
2026-04-15 18:18:32,202 [INFO]   レース結果: 6,737,505 件
2026-04-15 18:18:32,204 [INFO]   払い戻し: 33,500 件
2026-04-15 20:24:58,432 [INFO] 対象日付: 2日分 (20260415 ～ 20260416)
2026-04-15 20:24:58,433 [INFO] DB テーブル初期化完了
2026-04-15 20:24:58,433 [INFO] 処理中: 20260415
2026-04-15 20:25:00,879 [INFO]   20260415 [個別]: レース=132 出走=792 直前=768 結果=792 払戻=1220
2026-04-15 20:25:00,880 [INFO] 処理中: 20260416
2026-04-15 20:25:01,570 [INFO]   [programs] データなし (404): 20260416
2026-04-15 20:25:02,245 [INFO]   [previews] データなし (404): 20260416
2026-04-15 20:25:02,920 [INFO]   [results] データなし (404): 20260416
2026-04-15 20:25:02,921 [WARNING]   20260416: どのAPIからもデータ取得できず → スキップ
2026-04-15 20:25:02,921 [INFO] 完了: 1/2日分 保存
2026-04-15 20:25:02,922 [INFO] === DB件数 ===
2026-04-15 20:25:02,924 [INFO]   レース情報: 16,152 件
2026-04-15 20:25:02,928 [INFO]   出走表: 96,912 件
2026-04-15 20:25:02,929 [INFO]   直前情報: 20,170 件
2026-04-15 20:25:03,100 [INFO]   レース結果: 6,737,505 件
2026-04-15 20:25:03,101 [INFO]   払い戻し: 33,570 件
2026-04-16 14:30:20,377 [INFO] 対象日付: 1日分 (20260416 ～ 20260416)
2026-04-16 14:30:20,383 [INFO] DB テーブル初期化完了
2026-04-16 14:30:20,383 [INFO] 処理中: 20260416
2026-04-16 14:30:22,813 [INFO]   20260416 [個別]: レース=144 出走=864 直前=354 結果=864 払戻=420
2026-04-16 14:30:22,814 [INFO] 完了: 1/1日分 保存
2026-04-16 14:30:22,815 [INFO] === DB件数 ===
2026-04-16 14:30:22,828 [INFO]   レース情報: 16,296 件
2026-04-16 14:30:22,911 [INFO]   出走表: 97,776 件
2026-04-16 14:30:22,928 [INFO]   直前情報: 20,524 件
2026-04-16 14:30:28,456 [INFO]   レース結果: 6,738,369 件
2026-04-16 14:30:28,495 [INFO]   払い戻し: 33,990 件
2026-04-16 14:36:03,236 [INFO] 対象日付: 2日分 (20260416 ～ 20260417)
2026-04-16 14:36:03,242 [INFO] DB テーブル初期化完了
2026-04-16 14:36:03,243 [INFO] 処理中: 20260416
2026-04-16 14:36:03,749 [ERROR]   [programs] 取得エラー: https://boatraceopenapi.github.io/programs/v3/2026/20260416.json → HTTPSConnectionPool(host='boatraceopenapi.github.io', port=443): Max retries exceeded with url: /programs/v3/2026/20260416.json (Caused by ProxyError('Unable to connect to proxy', OSError('Tunnel connection failed: 403 Forbidden')))
2026-04-16 14:36:04,253 [ERROR]   [previews] 取得エラー: https://boatraceopenapi.github.io/previews/v3/2026/20260416.json → HTTPSConnectionPool(host='boatraceopenapi.github.io', port=443): Max retries exceeded with url: /previews/v3/2026/20260416.json (Caused by ProxyError('Unable to connect to proxy', OSError('Tunnel connection failed: 403 Forbidden')))
2026-04-16 14:36:04,757 [ERROR]   [results] 取得エラー: https://boatraceopenapi.github.io/results/v3/2026/20260416.json → HTTPSConnectionPool(host='boatraceopenapi.github.io', port=443): Max retries exceeded with url: /results/v3/2026/20260416.json (Caused by ProxyError('Unable to connect to proxy', OSError('Tunnel connection failed: 403 Forbidden')))
2026-04-16 14:36:04,758 [WARNING]   20260416: どのAPIからもデータ取得できず → スキップ
2026-04-16 14:36:04,759 [INFO] 処理中: 20260417
2026-04-16 14:36:05,264 [ERROR]   [programs] 取得エラー: https://boatraceopenapi.github.io/programs/v3/2026/20260417.json → HTTPSConnectionPool(host='boatraceopenapi.github.io', port=443): Max retries exceeded with url: /programs/v3/2026/20260417.json (Caused by ProxyError('Unable to connect to proxy', OSError('Tunnel connection failed: 403 Forbidden')))
2026-04-16 14:36:05,769 [ERROR]   [previews] 取得エラー: https://boatraceopenapi.github.io/previews/v3/2026/20260417.json → HTTPSConnectionPool(host='boatraceopenapi.github.io', port=443): Max retries exceeded with url: /previews/v3/2026/20260417.json (Caused by ProxyError('Unable to connect to proxy', OSError('Tunnel connection failed: 403 Forbidden')))
2026-04-16 14:36:06,273 [ERROR]   [results] 取得エラー: https://boatraceopenapi.github.io/results/v3/2026/20260417.json → HTTPSConnectionPool(host='boatraceopenapi.github.io', port=443): Max retries exceeded with url: /results/v3/2026/20260417.json (Caused by ProxyError('Unable to connect to proxy', OSError('Tunnel connection failed: 403 Forbidden')))
2026-04-16 14:36:06,274 [WARNING]   20260417: どのAPIからもデータ取得できず → スキップ
2026-04-16 14:36:06,274 [INFO] 完了: 0/2日分 保存
2026-04-16 14:36:06,276 [INFO] === DB件数 ===
2026-04-16 14:36:06,293 [INFO]   レース情報: 16,296 件
2026-04-16 14:36:06,400 [INFO]   出走表: 97,776 件
2026-04-16 14:36:06,424 [INFO]   直前情報: 20,524 件
2026-04-16 14:36:15,707 [INFO]   レース結果: 6,738,369 件
2026-04-16 14:36:15,766 [INFO]   払い戻し: 33,990 件
2026-04-16 14:51:13,108 [INFO] 対象日付: 1日分 (20260416 ～ 20260416)
2026-04-16 14:51:13,109 [INFO] DB テーブル初期化完了
2026-04-16 14:51:13,110 [INFO] 処理中: 20260416
2026-04-16 14:51:15,473 [INFO]   20260416 [個別]: レース=144 出走=864 直前=354 結果=864 払戻=420
2026-04-16 14:51:15,475 [INFO] 完了: 1/1日分 保存
2026-04-16 14:51:15,476 [INFO] === DB件数 ===
2026-04-16 14:51:15,476 [INFO]   レース情報: 16,296 件
2026-04-16 14:51:15,479 [INFO]   出走表: 97,776 件
2026-04-16 14:51:15,479 [INFO]   直前情報: 20,524 件
2026-04-16 14:51:15,618 [INFO]   レース結果: 6,738,369 件
2026-04-16 14:51:15,619 [INFO]   払い戻し: 33,990 件
